<html>
<head>
<title>TestNG:  Surefire test</title>
<link href="../testng.css" rel="stylesheet" type="text/css" />
<link href="../my-testng.css" rel="stylesheet" type="text/css" />

<style type="text/css">
.log { display: none;} 
.stack-trace { display: none;} 
</style>
<script type="text/javascript">
<!--
function flip(e) {
  current = e.style.display;
  if (current == 'block') {
    e.style.display = 'none';
    return 0;
  }
  else {
    e.style.display = 'block';
    return 1;
  }
}

function toggleBox(szDivId, elem, msg1, msg2)
{
  var res = -1;  if (document.getElementById) {
    res = flip(document.getElementById(szDivId));
  }
  else if (document.all) {
    // this is the way old msie versions work
    res = flip(document.all[szDivId]);
  }
  if(elem) {
    if(res == 0) elem.innerHTML = msg1; else elem.innerHTML = msg2;
  }

}

function toggleAllBoxes() {
  if (document.getElementsByTagName) {
    d = document.getElementsByTagName('div');
    for (i = 0; i < d.length; i++) {
      if (d[i].className == 'log') {
        flip(d[i]);
      }
    }
  }
}

// -->
</script>

</head>
<body>
<h2 align='center'>Surefire test</h2><table border='1' align="center">
<tr>
<td>Tests passed/Failed/Skipped:</td><td>25/3/0</td>
</tr><tr>
<td>Started on:</td><td>Fri Jan 24 15:51:45 IST 2025</td>
</tr>
<tr><td>Total time:</td><td>145 seconds (145219 ms)</td>
</tr><tr>
<td>Included groups:</td><td></td>
</tr><tr>
<td>Excluded groups:</td><td></td>
</tr>
</table><p/>
<small><i>(Hover the method name to see the test class name)</i></small><p/>
<table width='100%' border='1' class='invocation-failed'>
<tr><td colspan='4' align='center'><b>FAILED TESTS</b></td></tr>
<tr><td><b>Test method</b></td>
<td><b>Attribute(s)</b></td>
<td width="30%"><b>Exception</b></td>
<td width="10%"><b>Time (seconds)</b></td>
<td><b>Instance</b></td>
</tr>
<tr>
<td title='com.testing.Register_and_Login_Verifications.Login_and_Reset_section()'><b>Login_and_Reset_section</b><br>Test class: com.testing.Register_and_Login_Verifications</td>
<td><div><pre>org.openqa.selenium.ElementClickInterceptedException: element click intercepted: Element &lt;button type=&quot;submit&quot; class=&quot;woocommerce-Button button&quot; name=&quot;save_account_details&quot; value=&quot;...&quot;&gt;Save changes&lt;/button&gt; is not clickable at point (1254, 632). Other element would receive the click: &lt;a aria-label=&quot;dismiss cookie message&quot; role=&quot;button&quot; tabindex=&quot;0&quot; class=&quot;cc-btn cc-dismiss&quot;&gt;...&lt;/a&gt;
  (Session info: chrome=132.0.6834.84)
Build info: version: &apos;4.28.0&apos;, revision: &apos;ac342546e9&apos;
System info: os.name: &apos;Windows 11&apos;, os.arch: &apos;amd64&apos;, os.version: &apos;10.0&apos;, java.version: &apos;23.0.1&apos;
Driver info: org.openqa.selenium.chrome.ChromeDriver
Command: [59dfb7088576de75a6dda852bf05693b, clickElement {id=f.F92D7C86C65F55CF1F7E7DFD749B955E.d.FB070899DFB64B116BE65439B8202C3F.e.583}]
Capabilities {acceptInsecureCerts: false, browserName: chrome, browserVersion: 132.0.6834.84, chrome: {chromedriverVersion: 132.0.6834.110 (df453a35f09..., userDataDir: C:\Users\HP\AppData\Local\T...}, fedcm:accounts: true, goog:chromeOptions: {debuggerAddress: localhost:4875}, networkConnectionEnabled: false, pageLoadStrategy: normal, platformName: windows, proxy: Proxy(), se:cdp: ws://localhost:4875/devtool..., se:cdpVersion: 132.0.6834.84, setWindowRect: true, strictFileInteractability: false, timeouts: {implicit: 0, pageLoad: 300000, script: 30000}, unhandledPromptBehavior: dismiss and notify, webauthn:extension:credBlob: true, webauthn:extension:largeBlob: true, webauthn:extension:minPinLength: true, webauthn:extension:prf: true, webauthn:virtualAuthenticators: true}
Element: [[ChromeDriver: chrome on windows (59dfb7088576de75a6dda852bf05693b)] -&gt; xpath: //*[@id=&quot;post-381&quot;]/div/div/div[2]/form/p[5]/button]
Session ID: 59dfb7088576de75a6dda852bf05693b
	at org.openqa.selenium.remote.ErrorCodec.decode(ErrorCodec.java:167)
	at org.openqa.selenium.remote.codec.w3c.W3CHttpResponseCodec.decode(W3CHttpResponseCodec.java:138)
	at org.openqa.selenium.remote.codec.w3c.W3CHttpResponseCodec.decode(W3CHttpResponseCodec.java:50)
	at org.openqa.selenium.remote.HttpCommandExecutor.execute(HttpCommandExecutor.java:215)
	at org.openqa.selenium.remote.service.DriverCommandExecutor.invokeExecute(DriverCommandExecutor.java:216)
	at org.openqa.selenium.remote.service.DriverCommandExecutor.execute(DriverCommandExecutor.java:174)
	at org.openqa.selenium.remote.RemoteWebDriver.execute(RemoteWebDriver.java:545)
	at org.openqa.selenium.remote.RemoteWebElement.execute(RemoteWebElement.java:223)
	at org.openqa.selenium.remote.RemoteWebElement.click(RemoteWebElement.java:76)
	at com.testing.Register_and_Login_Verifications.Login_and_Reset_section(Register_and_Login_Verifications.java:127)
	at java.base/java.util.ArrayList.forEach(ArrayList.java:1597)
... Removed 33 stack frames</pre></div><a href='#' onClick='toggleBox("stack-trace981012032", this, "Click to show all stack frames", "Click to hide stack frames")'>Click to show all stack frames</a>
<div class='stack-trace' id='stack-trace981012032'><pre>org.openqa.selenium.ElementClickInterceptedException: element click intercepted: Element &lt;button type=&quot;submit&quot; class=&quot;woocommerce-Button button&quot; name=&quot;save_account_details&quot; value=&quot;...&quot;&gt;Save changes&lt;/button&gt; is not clickable at point (1254, 632). Other element would receive the click: &lt;a aria-label=&quot;dismiss cookie message&quot; role=&quot;button&quot; tabindex=&quot;0&quot; class=&quot;cc-btn cc-dismiss&quot;&gt;...&lt;/a&gt;
  (Session info: chrome=132.0.6834.84)
Build info: version: &apos;4.28.0&apos;, revision: &apos;ac342546e9&apos;
System info: os.name: &apos;Windows 11&apos;, os.arch: &apos;amd64&apos;, os.version: &apos;10.0&apos;, java.version: &apos;23.0.1&apos;
Driver info: org.openqa.selenium.chrome.ChromeDriver
Command: [59dfb7088576de75a6dda852bf05693b, clickElement {id=f.F92D7C86C65F55CF1F7E7DFD749B955E.d.FB070899DFB64B116BE65439B8202C3F.e.583}]
Capabilities {acceptInsecureCerts: false, browserName: chrome, browserVersion: 132.0.6834.84, chrome: {chromedriverVersion: 132.0.6834.110 (df453a35f09..., userDataDir: C:\Users\HP\AppData\Local\T...}, fedcm:accounts: true, goog:chromeOptions: {debuggerAddress: localhost:4875}, networkConnectionEnabled: false, pageLoadStrategy: normal, platformName: windows, proxy: Proxy(), se:cdp: ws://localhost:4875/devtool..., se:cdpVersion: 132.0.6834.84, setWindowRect: true, strictFileInteractability: false, timeouts: {implicit: 0, pageLoad: 300000, script: 30000}, unhandledPromptBehavior: dismiss and notify, webauthn:extension:credBlob: true, webauthn:extension:largeBlob: true, webauthn:extension:minPinLength: true, webauthn:extension:prf: true, webauthn:virtualAuthenticators: true}
Element: [[ChromeDriver: chrome on windows (59dfb7088576de75a6dda852bf05693b)] -&gt; xpath: //*[@id=&quot;post-381&quot;]/div/div/div[2]/form/p[5]/button]
Session ID: 59dfb7088576de75a6dda852bf05693b
	at java.base/jdk.internal.reflect.DirectConstructorHandleAccessor.newInstance(DirectConstructorHandleAccessor.java:62)
	at java.base/java.lang.reflect.Constructor.newInstanceWithCaller(Constructor.java:501)
	at java.base/java.lang.reflect.Constructor.newInstance(Constructor.java:485)
	at org.openqa.selenium.remote.ErrorCodec.decode(ErrorCodec.java:167)
	at org.openqa.selenium.remote.codec.w3c.W3CHttpResponseCodec.decode(W3CHttpResponseCodec.java:138)
	at org.openqa.selenium.remote.codec.w3c.W3CHttpResponseCodec.decode(W3CHttpResponseCodec.java:50)
	at org.openqa.selenium.remote.HttpCommandExecutor.execute(HttpCommandExecutor.java:215)
	at org.openqa.selenium.remote.service.DriverCommandExecutor.invokeExecute(DriverCommandExecutor.java:216)
	at org.openqa.selenium.remote.service.DriverCommandExecutor.execute(DriverCommandExecutor.java:174)
	at org.openqa.selenium.remote.RemoteWebDriver.execute(RemoteWebDriver.java:545)
	at org.openqa.selenium.remote.RemoteWebElement.execute(RemoteWebElement.java:223)
	at org.openqa.selenium.remote.RemoteWebElement.click(RemoteWebElement.java:76)
	at com.testing.Register_and_Login_Verifications.Login_and_Reset_section(Register_and_Login_Verifications.java:127)
	at java.base/jdk.internal.reflect.DirectMethodHandleAccessor.invoke(DirectMethodHandleAccessor.java:103)
	at java.base/java.lang.reflect.Method.invoke(Method.java:580)
	at org.testng.internal.invokers.MethodInvocationHelper.invokeMethod(MethodInvocationHelper.java:139)
	at org.testng.internal.invokers.TestInvoker.invokeMethod(TestInvoker.java:664)
	at org.testng.internal.invokers.TestInvoker.invokeTestMethod(TestInvoker.java:227)
	at org.testng.internal.invokers.MethodRunner.runInSequence(MethodRunner.java:50)
	at org.testng.internal.invokers.TestInvoker$MethodInvocationAgent.invoke(TestInvoker.java:957)
	at org.testng.internal.invokers.TestInvoker.invokeTestMethods(TestInvoker.java:200)
	at org.testng.internal.invokers.TestMethodWorker.invokeTestMethods(TestMethodWorker.java:148)
	at org.testng.internal.invokers.TestMethodWorker.run(TestMethodWorker.java:128)
	at java.base/java.util.ArrayList.forEach(ArrayList.java:1597)
	at org.testng.TestRunner.privateRun(TestRunner.java:848)
	at org.testng.TestRunner.run(TestRunner.java:621)
	at org.testng.SuiteRunner.runTest(SuiteRunner.java:443)
	at org.testng.SuiteRunner.runSequentially(SuiteRunner.java:437)
	at org.testng.SuiteRunner.privateRun(SuiteRunner.java:397)
	at org.testng.SuiteRunner.run(SuiteRunner.java:336)
	at org.testng.SuiteRunnerWorker.runSuite(SuiteRunnerWorker.java:52)
	at org.testng.SuiteRunnerWorker.run(SuiteRunnerWorker.java:95)
	at org.testng.TestNG.runSuitesSequentially(TestNG.java:1280)
	at org.testng.TestNG.runSuitesLocally(TestNG.java:1200)
	at org.testng.TestNG.runSuites(TestNG.java:1114)
	at org.testng.TestNG.run(TestNG.java:1082)
	at org.apache.maven.surefire.testng.TestNGExecutor.run(TestNGExecutor.java:151)
	at org.apache.maven.surefire.testng.TestNGDirectoryTestSuite.executeMulti(TestNGDirectoryTestSuite.java:192)
	at org.apache.maven.surefire.testng.TestNGDirectoryTestSuite.execute(TestNGDirectoryTestSuite.java:93)
	at org.apache.maven.surefire.testng.TestNGProvider.invoke(TestNGProvider.java:155)
	at org.apache.maven.surefire.booter.ForkedBooter.runSuitesInProcess(ForkedBooter.java:456)
	at org.apache.maven.surefire.booter.ForkedBooter.execute(ForkedBooter.java:169)
	at org.apache.maven.surefire.booter.ForkedBooter.run(ForkedBooter.java:595)
	at org.apache.maven.surefire.booter.ForkedBooter.main(ForkedBooter.java:581)
</pre></div></td>
<td>12</td>
<td>com.testing.Register_and_Login_Verifications@72e5a8e</td></tr>
<tr>
<td title='com.testing.Register_and_Login_Verifications.Register_acc_section()'><b>Register_acc_section</b><br>Test class: com.testing.Register_and_Login_Verifications</td>
<td><div><pre>org.openqa.selenium.TimeoutException: Expected condition failed: waiting for presence of element located by: By.xpath: //*[@id=&quot;post-381&quot;]/div/div/div[1]/div[1]/span[1] (tried for 10 second(s) with 500 milliseconds interval)
	at org.openqa.selenium.support.ui.WebDriverWait.timeoutException(WebDriverWait.java:84)
	at org.openqa.selenium.support.ui.FluentWait.until(FluentWait.java:228)
	at com.testing.Register_and_Login_Verifications.Register_acc_section(Register_and_Login_Verifications.java:47)
	at java.base/java.util.ArrayList.forEach(ArrayList.java:1597)
Caused by: org.openqa.selenium.NoSuchElementException: no such element: Unable to locate element: {&quot;method&quot;:&quot;xpath&quot;,&quot;selector&quot;:&quot;//*[@id=&quot;post-381&quot;]/div/div/div[1]/div[1]/span[1]&quot;}
  (Session info: chrome=132.0.6834.84)
For documentation on this error, please visit: https://www.selenium.dev/documentation/webdriver/troubleshooting/errors#no-such-element-exception
Build info: version: &apos;4.28.0&apos;, revision: &apos;ac342546e9&apos;
System info: os.name: &apos;Windows 11&apos;, os.arch: &apos;amd64&apos;, os.version: &apos;10.0&apos;, java.version: &apos;23.0.1&apos;
Driver info: org.openqa.selenium.chrome.ChromeDriver
Command: [59dfb7088576de75a6dda852bf05693b, findElement {using=xpath, value=//*[@id=&quot;post-381&quot;]/div/div/div[1]/div[1]/span[1]}]
Capabilities {acceptInsecureCerts: false, browserName: chrome, browserVersion: 132.0.6834.84, chrome: {chromedriverVersion: 132.0.6834.110 (df453a35f09..., userDataDir: C:\Users\HP\AppData\Local\T...}, fedcm:accounts: true, goog:chromeOptions: {debuggerAddress: localhost:4875}, networkConnectionEnabled: false, pageLoadStrategy: normal, platformName: windows, proxy: Proxy(), se:cdp: ws://localhost:4875/devtool..., se:cdpVersion: 132.0.6834.84, setWindowRect: true, strictFileInteractability: false, timeouts: {implicit: 0, pageLoad: 300000, script: 30000}, unhandledPromptBehavior: dismiss and notify, webauthn:extension:credBlob: true, webauthn:extension:largeBlob: true, webauthn:extension:minPinLength: true, webauthn:extension:prf: true, webauthn:virtualAuthenticators: true}
Session ID: 59dfb7088576de75a6dda852bf05693b
	at org.openqa.selenium.remote.ErrorCodec.decode(ErrorCodec.java:167)
	at org.openqa.selenium.remote.codec.w3c.W3CHttpResponseCodec.decode(W3CHttpResponseCodec.java:138)
	at org.openqa.selenium.remote.codec.w3c.W3CHttpResponseCodec.decode(W3CHttpResponseCodec.java:50)
	at org.openqa.selenium.remote.HttpCommandExecutor.execute(HttpCommandExecutor.java:215)
	at org.openqa.selenium.remote.service.DriverCommandExecutor.invokeExecute(DriverCommandExecutor.java:216)
	at org.openqa.selenium.remote.service.DriverCommandExecutor.execute(DriverCommandExecutor.java:174)
	at org.openqa.selenium.remote.RemoteWebDriver.execute(RemoteWebDriver.java:545)
	at org.openqa.selenium.remote.ElementLocation$ElementFinder$2.findElement(ElementLocation.java:165)
	at org.openqa.selenium.remote.ElementLocation.findElement(ElementLocation.java:59)
	at org.openqa.selenium.remote.RemoteWebDriver.findElement(RemoteWebDriver.java:368)
	at org.openqa.selenium.remote.RemoteWebDriver.findElement(RemoteWebDriver.java:362)
	at org.openqa.selenium.support.ui.ExpectedConditions$6.apply(ExpectedConditions.java:171)
	at org.openqa.selenium.support.ui.ExpectedConditions$6.apply(ExpectedConditions.java:168)
	at org.openqa.selenium.support.ui.FluentWait.until(FluentWait.java:203)
	... 32 more
... Removed 33 stack frames</pre></div><a href='#' onClick='toggleBox("stack-trace1650327539", this, "Click to show all stack frames", "Click to hide stack frames")'>Click to show all stack frames</a>
<div class='stack-trace' id='stack-trace1650327539'><pre>org.openqa.selenium.TimeoutException: Expected condition failed: waiting for presence of element located by: By.xpath: //*[@id=&quot;post-381&quot;]/div/div/div[1]/div[1]/span[1] (tried for 10 second(s) with 500 milliseconds interval)
	at org.openqa.selenium.support.ui.WebDriverWait.timeoutException(WebDriverWait.java:84)
	at org.openqa.selenium.support.ui.FluentWait.until(FluentWait.java:228)
	at com.testing.Register_and_Login_Verifications.Register_acc_section(Register_and_Login_Verifications.java:47)
	at java.base/jdk.internal.reflect.DirectMethodHandleAccessor.invoke(DirectMethodHandleAccessor.java:103)
	at java.base/java.lang.reflect.Method.invoke(Method.java:580)
	at org.testng.internal.invokers.MethodInvocationHelper.invokeMethod(MethodInvocationHelper.java:139)
	at org.testng.internal.invokers.TestInvoker.invokeMethod(TestInvoker.java:664)
	at org.testng.internal.invokers.TestInvoker.invokeTestMethod(TestInvoker.java:227)
	at org.testng.internal.invokers.MethodRunner.runInSequence(MethodRunner.java:50)
	at org.testng.internal.invokers.TestInvoker$MethodInvocationAgent.invoke(TestInvoker.java:957)
	at org.testng.internal.invokers.TestInvoker.invokeTestMethods(TestInvoker.java:200)
	at org.testng.internal.invokers.TestMethodWorker.invokeTestMethods(TestMethodWorker.java:148)
	at org.testng.internal.invokers.TestMethodWorker.run(TestMethodWorker.java:128)
	at java.base/java.util.ArrayList.forEach(ArrayList.java:1597)
	at org.testng.TestRunner.privateRun(TestRunner.java:848)
	at org.testng.TestRunner.run(TestRunner.java:621)
	at org.testng.SuiteRunner.runTest(SuiteRunner.java:443)
	at org.testng.SuiteRunner.runSequentially(SuiteRunner.java:437)
	at org.testng.SuiteRunner.privateRun(SuiteRunner.java:397)
	at org.testng.SuiteRunner.run(SuiteRunner.java:336)
	at org.testng.SuiteRunnerWorker.runSuite(SuiteRunnerWorker.java:52)
	at org.testng.SuiteRunnerWorker.run(SuiteRunnerWorker.java:95)
	at org.testng.TestNG.runSuitesSequentially(TestNG.java:1280)
	at org.testng.TestNG.runSuitesLocally(TestNG.java:1200)
	at org.testng.TestNG.runSuites(TestNG.java:1114)
	at org.testng.TestNG.run(TestNG.java:1082)
	at org.apache.maven.surefire.testng.TestNGExecutor.run(TestNGExecutor.java:151)
	at org.apache.maven.surefire.testng.TestNGDirectoryTestSuite.executeMulti(TestNGDirectoryTestSuite.java:192)
	at org.apache.maven.surefire.testng.TestNGDirectoryTestSuite.execute(TestNGDirectoryTestSuite.java:93)
	at org.apache.maven.surefire.testng.TestNGProvider.invoke(TestNGProvider.java:155)
	at org.apache.maven.surefire.booter.ForkedBooter.runSuitesInProcess(ForkedBooter.java:456)
	at org.apache.maven.surefire.booter.ForkedBooter.execute(ForkedBooter.java:169)
	at org.apache.maven.surefire.booter.ForkedBooter.run(ForkedBooter.java:595)
	at org.apache.maven.surefire.booter.ForkedBooter.main(ForkedBooter.java:581)
Caused by: org.openqa.selenium.NoSuchElementException: no such element: Unable to locate element: {&quot;method&quot;:&quot;xpath&quot;,&quot;selector&quot;:&quot;//*[@id=&quot;post-381&quot;]/div/div/div[1]/div[1]/span[1]&quot;}
  (Session info: chrome=132.0.6834.84)
For documentation on this error, please visit: https://www.selenium.dev/documentation/webdriver/troubleshooting/errors#no-such-element-exception
Build info: version: &apos;4.28.0&apos;, revision: &apos;ac342546e9&apos;
System info: os.name: &apos;Windows 11&apos;, os.arch: &apos;amd64&apos;, os.version: &apos;10.0&apos;, java.version: &apos;23.0.1&apos;
Driver info: org.openqa.selenium.chrome.ChromeDriver
Command: [59dfb7088576de75a6dda852bf05693b, findElement {using=xpath, value=//*[@id=&quot;post-381&quot;]/div/div/div[1]/div[1]/span[1]}]
Capabilities {acceptInsecureCerts: false, browserName: chrome, browserVersion: 132.0.6834.84, chrome: {chromedriverVersion: 132.0.6834.110 (df453a35f09..., userDataDir: C:\Users\HP\AppData\Local\T...}, fedcm:accounts: true, goog:chromeOptions: {debuggerAddress: localhost:4875}, networkConnectionEnabled: false, pageLoadStrategy: normal, platformName: windows, proxy: Proxy(), se:cdp: ws://localhost:4875/devtool..., se:cdpVersion: 132.0.6834.84, setWindowRect: true, strictFileInteractability: false, timeouts: {implicit: 0, pageLoad: 300000, script: 30000}, unhandledPromptBehavior: dismiss and notify, webauthn:extension:credBlob: true, webauthn:extension:largeBlob: true, webauthn:extension:minPinLength: true, webauthn:extension:prf: true, webauthn:virtualAuthenticators: true}
Session ID: 59dfb7088576de75a6dda852bf05693b
	at java.base/jdk.internal.reflect.DirectConstructorHandleAccessor.newInstance(DirectConstructorHandleAccessor.java:62)
	at java.base/java.lang.reflect.Constructor.newInstanceWithCaller(Constructor.java:501)
	at java.base/java.lang.reflect.Constructor.newInstance(Constructor.java:485)
	at org.openqa.selenium.remote.ErrorCodec.decode(ErrorCodec.java:167)
	at org.openqa.selenium.remote.codec.w3c.W3CHttpResponseCodec.decode(W3CHttpResponseCodec.java:138)
	at org.openqa.selenium.remote.codec.w3c.W3CHttpResponseCodec.decode(W3CHttpResponseCodec.java:50)
	at org.openqa.selenium.remote.HttpCommandExecutor.execute(HttpCommandExecutor.java:215)
	at org.openqa.selenium.remote.service.DriverCommandExecutor.invokeExecute(DriverCommandExecutor.java:216)
	at org.openqa.selenium.remote.service.DriverCommandExecutor.execute(DriverCommandExecutor.java:174)
	at org.openqa.selenium.remote.RemoteWebDriver.execute(RemoteWebDriver.java:545)
	at org.openqa.selenium.remote.ElementLocation$ElementFinder$2.findElement(ElementLocation.java:165)
	at org.openqa.selenium.remote.ElementLocation.findElement(ElementLocation.java:59)
	at org.openqa.selenium.remote.RemoteWebDriver.findElement(RemoteWebDriver.java:368)
	at org.openqa.selenium.remote.RemoteWebDriver.findElement(RemoteWebDriver.java:362)
	at org.openqa.selenium.support.ui.ExpectedConditions$6.apply(ExpectedConditions.java:171)
	at org.openqa.selenium.support.ui.ExpectedConditions$6.apply(ExpectedConditions.java:168)
	at org.openqa.selenium.support.ui.FluentWait.until(FluentWait.java:203)
	... 32 more
</pre></div></td>
<td>17</td>
<td>com.testing.Register_and_Login_Verifications@72e5a8e</td></tr>
<tr>
<td title='com.testing.Sections_Interactions_Verifications.Programs_section()'><b>Programs_section</b><br>Test class: com.testing.Sections_Interactions_Verifications</td>
<td><div><pre>org.openqa.selenium.TimeoutException: Expected condition failed: waiting for element to be clickable: [[ChromeDriver: chrome on windows (ab636ffd8b052b64b57a0f386bc7df7a)] -&gt; xpath: //*[@id=&apos;menu-item-264&apos;]/ul/li/a] (tried for 10 second(s) with 500 milliseconds interval)
Build info: version: &apos;4.28.0&apos;, revision: &apos;ac342546e9&apos;
System info: os.name: &apos;Windows 11&apos;, os.arch: &apos;amd64&apos;, os.version: &apos;10.0&apos;, java.version: &apos;23.0.1&apos;
Driver info: org.openqa.selenium.chrome.ChromeDriver
Capabilities {acceptInsecureCerts: false, browserName: chrome, browserVersion: 132.0.6834.84, chrome: {chromedriverVersion: 132.0.6834.110 (df453a35f09..., userDataDir: C:\Users\HP\AppData\Local\T...}, fedcm:accounts: true, goog:chromeOptions: {debuggerAddress: localhost:4976}, networkConnectionEnabled: false, pageLoadStrategy: normal, platformName: windows, proxy: Proxy(), se:cdp: ws://localhost:4976/devtool..., se:cdpVersion: 132.0.6834.84, setWindowRect: true, strictFileInteractability: false, timeouts: {implicit: 0, pageLoad: 300000, script: 30000}, unhandledPromptBehavior: dismiss and notify, webauthn:extension:credBlob: true, webauthn:extension:largeBlob: true, webauthn:extension:minPinLength: true, webauthn:extension:prf: true, webauthn:virtualAuthenticators: true}
Session ID: ab636ffd8b052b64b57a0f386bc7df7a
	at org.openqa.selenium.support.ui.WebDriverWait.timeoutException(WebDriverWait.java:84)
	at org.openqa.selenium.support.ui.FluentWait.until(FluentWait.java:228)
	at com.testing.Sections_Interactions_Verifications.Programs_section(Sections_Interactions_Verifications.java:70)
	at java.base/java.util.ArrayList.forEach(ArrayList.java:1597)
... Removed 30 stack frames</pre></div><a href='#' onClick='toggleBox("stack-trace1415812333", this, "Click to show all stack frames", "Click to hide stack frames")'>Click to show all stack frames</a>
<div class='stack-trace' id='stack-trace1415812333'><pre>org.openqa.selenium.TimeoutException: Expected condition failed: waiting for element to be clickable: [[ChromeDriver: chrome on windows (ab636ffd8b052b64b57a0f386bc7df7a)] -&gt; xpath: //*[@id=&apos;menu-item-264&apos;]/ul/li/a] (tried for 10 second(s) with 500 milliseconds interval)
Build info: version: &apos;4.28.0&apos;, revision: &apos;ac342546e9&apos;
System info: os.name: &apos;Windows 11&apos;, os.arch: &apos;amd64&apos;, os.version: &apos;10.0&apos;, java.version: &apos;23.0.1&apos;
Driver info: org.openqa.selenium.chrome.ChromeDriver
Capabilities {acceptInsecureCerts: false, browserName: chrome, browserVersion: 132.0.6834.84, chrome: {chromedriverVersion: 132.0.6834.110 (df453a35f09..., userDataDir: C:\Users\HP\AppData\Local\T...}, fedcm:accounts: true, goog:chromeOptions: {debuggerAddress: localhost:4976}, networkConnectionEnabled: false, pageLoadStrategy: normal, platformName: windows, proxy: Proxy(), se:cdp: ws://localhost:4976/devtool..., se:cdpVersion: 132.0.6834.84, setWindowRect: true, strictFileInteractability: false, timeouts: {implicit: 0, pageLoad: 300000, script: 30000}, unhandledPromptBehavior: dismiss and notify, webauthn:extension:credBlob: true, webauthn:extension:largeBlob: true, webauthn:extension:minPinLength: true, webauthn:extension:prf: true, webauthn:virtualAuthenticators: true}
Session ID: ab636ffd8b052b64b57a0f386bc7df7a
	at org.openqa.selenium.support.ui.WebDriverWait.timeoutException(WebDriverWait.java:84)
	at org.openqa.selenium.support.ui.FluentWait.until(FluentWait.java:228)
	at com.testing.Sections_Interactions_Verifications.Programs_section(Sections_Interactions_Verifications.java:70)
	at java.base/jdk.internal.reflect.DirectMethodHandleAccessor.invoke(DirectMethodHandleAccessor.java:103)
	at java.base/java.lang.reflect.Method.invoke(Method.java:580)
	at org.testng.internal.invokers.MethodInvocationHelper.invokeMethod(MethodInvocationHelper.java:139)
	at org.testng.internal.invokers.TestInvoker.invokeMethod(TestInvoker.java:664)
	at org.testng.internal.invokers.TestInvoker.invokeTestMethod(TestInvoker.java:227)
	at org.testng.internal.invokers.MethodRunner.runInSequence(MethodRunner.java:50)
	at org.testng.internal.invokers.TestInvoker$MethodInvocationAgent.invoke(TestInvoker.java:957)
	at org.testng.internal.invokers.TestInvoker.invokeTestMethods(TestInvoker.java:200)
	at org.testng.internal.invokers.TestMethodWorker.invokeTestMethods(TestMethodWorker.java:148)
	at org.testng.internal.invokers.TestMethodWorker.run(TestMethodWorker.java:128)
	at java.base/java.util.ArrayList.forEach(ArrayList.java:1597)
	at org.testng.TestRunner.privateRun(TestRunner.java:848)
	at org.testng.TestRunner.run(TestRunner.java:621)
	at org.testng.SuiteRunner.runTest(SuiteRunner.java:443)
	at org.testng.SuiteRunner.runSequentially(SuiteRunner.java:437)
	at org.testng.SuiteRunner.privateRun(SuiteRunner.java:397)
	at org.testng.SuiteRunner.run(SuiteRunner.java:336)
	at org.testng.SuiteRunnerWorker.runSuite(SuiteRunnerWorker.java:52)
	at org.testng.SuiteRunnerWorker.run(SuiteRunnerWorker.java:95)
	at org.testng.TestNG.runSuitesSequentially(TestNG.java:1280)
	at org.testng.TestNG.runSuitesLocally(TestNG.java:1200)
	at org.testng.TestNG.runSuites(TestNG.java:1114)
	at org.testng.TestNG.run(TestNG.java:1082)
	at org.apache.maven.surefire.testng.TestNGExecutor.run(TestNGExecutor.java:151)
	at org.apache.maven.surefire.testng.TestNGDirectoryTestSuite.executeMulti(TestNGDirectoryTestSuite.java:192)
	at org.apache.maven.surefire.testng.TestNGDirectoryTestSuite.execute(TestNGDirectoryTestSuite.java:93)
	at org.apache.maven.surefire.testng.TestNGProvider.invoke(TestNGProvider.java:155)
	at org.apache.maven.surefire.booter.ForkedBooter.runSuitesInProcess(ForkedBooter.java:456)
	at org.apache.maven.surefire.booter.ForkedBooter.execute(ForkedBooter.java:169)
	at org.apache.maven.surefire.booter.ForkedBooter.run(ForkedBooter.java:595)
	at org.apache.maven.surefire.booter.ForkedBooter.main(ForkedBooter.java:581)
</pre></div></td>
<td>12</td>
<td>com.testing.Sections_Interactions_Verifications@53aac487</td></tr>
</table><p>
<table width='100%' border='1' class='invocation-passed'>
<tr><td colspan='4' align='center'><b>PASSED TESTS</b></td></tr>
<tr><td><b>Test method</b></td>
<td><b>Attribute(s)</b></td>
<td width="30%"><b>Exception</b></td>
<td width="10%"><b>Time (seconds)</b></td>
<td><b>Instance</b></td>
</tr>
<tr>
<td title='com.testing.Register_and_Login_Verifications.Reset_password_section()'><b>Reset_password_section</b><br>Test class: com.testing.Register_and_Login_Verifications</td>
<td></td>
<td>11</td>
<td>com.testing.Register_and_Login_Verifications@72e5a8e</td></tr>
<tr>
<td title='com.testing.HomePage_Contents_Verifications.HomePage_slide_image_section_Verification()'><b>HomePage_slide_image_section_Verification</b><br>Test class: com.testing.HomePage_Contents_Verifications</td>
<td></td>
<td>0</td>
<td>com.testing.HomePage_Contents_Verifications@7d4f9aae</td></tr>
<tr>
<td title='com.testing.Register_and_Login_Verifications.Login_acc_section()'><b>Login_acc_section</b><br>Test class: com.testing.Register_and_Login_Verifications</td>
<td></td>
<td>12</td>
<td>com.testing.Register_and_Login_Verifications@72e5a8e</td></tr>
<tr>
<td title='com.testing.HomePage_Contents_Verifications.HomePage_Website_Logo_Verification()'><b>HomePage_Website_Logo_Verification</b><br>Test class: com.testing.HomePage_Contents_Verifications</td>
<td></td>
<td>0</td>
<td>com.testing.HomePage_Contents_Verifications@7d4f9aae</td></tr>
<tr>
<td title='com.testing.HomePage_Contents_Verifications.HomePage_cookie_section_Verification()'><b>HomePage_cookie_section_Verification</b><br>Test class: com.testing.HomePage_Contents_Verifications</td>
<td></td>
<td>0</td>
<td>com.testing.HomePage_Contents_Verifications@7d4f9aae</td></tr>
<tr>
<td title='com.testing.HomePage_Contents_Verifications.HomePage_Title_Verification()'><b>HomePage_Title_Verification</b><br>Test class: com.testing.HomePage_Contents_Verifications</td>
<td></td>
<td>0</td>
<td>com.testing.HomePage_Contents_Verifications@7d4f9aae</td></tr>
<tr>
<td title='com.testing.HomePage_Contents_Verifications.HomePage_footer_section_Verification()'><b>HomePage_footer_section_Verification</b><br>Test class: com.testing.HomePage_Contents_Verifications</td>
<td></td>
<td>0</td>
<td>com.testing.HomePage_Contents_Verifications@7d4f9aae</td></tr>
<tr>
<td title='com.testing.HomePage_Contents_Verifications.HomePage_info_section_Verification()'><b>HomePage_info_section_Verification</b><br>Test class: com.testing.HomePage_Contents_Verifications</td>
<td></td>
<td>0</td>
<td>com.testing.HomePage_Contents_Verifications@7d4f9aae</td></tr>
<tr>
<td title='com.testing.HomePage_Contents_Verifications.HomePage_icons_section_Verification()'><b>HomePage_icons_section_Verification</b><br>Test class: com.testing.HomePage_Contents_Verifications</td>
<td></td>
<td>0</td>
<td>com.testing.HomePage_Contents_Verifications@7d4f9aae</td></tr>
<tr>
<td title='com.testing.HomePage_Contents_Verifications.HomePage_keypartner_section_Verification()'><b>HomePage_keypartner_section_Verification</b><br>Test class: com.testing.HomePage_Contents_Verifications</td>
<td></td>
<td>0</td>
<td>com.testing.HomePage_Contents_Verifications@7d4f9aae</td></tr>
<tr>
<td title='com.testing.Contact_Us_Page_Verifications.Contact_Us_Page()'><b>Contact_Us_Page</b><br>Test class: com.testing.Contact_Us_Page_Verifications</td>
<td></td>
<td>6</td>
<td>com.testing.Contact_Us_Page_Verifications@2d710f1a</td></tr>
<tr>
<td title='com.testing.Sections_Interactions_Verifications.About_section()'><b>About_section</b><br>Test class: com.testing.Sections_Interactions_Verifications</td>
<td></td>
<td>9</td>
<td>com.testing.Sections_Interactions_Verifications@53aac487</td></tr>
<tr>
<td title='com.testing.Sections_Interactions_Verifications.News_section()'><b>News_section</b><br>Test class: com.testing.Sections_Interactions_Verifications</td>
<td></td>
<td>1</td>
<td>com.testing.Sections_Interactions_Verifications@53aac487</td></tr>
<tr>
<td title='com.testing.Sections_Interactions_Verifications.Services_section()'><b>Services_section</b><br>Test class: com.testing.Sections_Interactions_Verifications</td>
<td></td>
<td>3</td>
<td>com.testing.Sections_Interactions_Verifications@53aac487</td></tr>
<tr>
<td title='com.testing.Searchbox_Interactions_Verifications.Searchbox_Displayed()'><b>Searchbox_Displayed</b><br>Test class: com.testing.Searchbox_Interactions_Verifications</td>
<td></td>
<td>0</td>
<td>com.testing.Searchbox_Interactions_Verifications@54e1c68b</td></tr>
<tr>
<td title='com.testing.Sections_Interactions_Verifications.Contact_section()'><b>Contact_section</b><br>Test class: com.testing.Sections_Interactions_Verifications</td>
<td></td>
<td>1</td>
<td>com.testing.Sections_Interactions_Verifications@53aac487</td></tr>
<tr>
<td title='com.testing.HomePage_Contents_Verifications.HomePage_about_company_section_Verification()'><b>HomePage_about_company_section_Verification</b><br>Test class: com.testing.HomePage_Contents_Verifications</td>
<td></td>
<td>0</td>
<td>com.testing.HomePage_Contents_Verifications@7d4f9aae</td></tr>
<tr>
<td title='com.testing.HomePage_Contents_Verifications.HomePage_contact_section_Verification()'><b>HomePage_contact_section_Verification</b><br>Test class: com.testing.HomePage_Contents_Verifications</td>
<td></td>
<td>0</td>
<td>com.testing.HomePage_Contents_Verifications@7d4f9aae</td></tr>
<tr>
<td title='com.testing.HomePage_Contents_Verifications.HomePage_Searchbox_Verification()'><b>HomePage_Searchbox_Verification</b><br>Test class: com.testing.HomePage_Contents_Verifications</td>
<td></td>
<td>0</td>
<td>com.testing.HomePage_Contents_Verifications@7d4f9aae</td></tr>
<tr>
<td title='com.testing.HomePage_Contents_Verifications.HomePage_Url_Verification()'><b>HomePage_Url_Verification</b><br>Test class: com.testing.HomePage_Contents_Verifications</td>
<td></td>
<td>0</td>
<td>com.testing.HomePage_Contents_Verifications@7d4f9aae</td></tr>
<tr>
<td title='com.testing.HomePage_Contents_Verifications.HomePage_Sections_Verification()'><b>HomePage_Sections_Verification</b><br>Test class: com.testing.HomePage_Contents_Verifications</td>
<td></td>
<td>0</td>
<td>com.testing.HomePage_Contents_Verifications@7d4f9aae</td></tr>
<tr>
<td title='com.testing.Searchbox_Interactions_Verifications.Searchbox_input_text_Verification()'><b>Searchbox_input_text_Verification</b><br>Test class: com.testing.Searchbox_Interactions_Verifications</td>
<td></td>
<td>0</td>
<td>com.testing.Searchbox_Interactions_Verifications@54e1c68b</td></tr>
<tr>
<td title='com.testing.Sections_Interactions_Verifications.CPR_section()'><b>CPR_section</b><br>Test class: com.testing.Sections_Interactions_Verifications</td>
<td></td>
<td>8</td>
<td>com.testing.Sections_Interactions_Verifications@53aac487</td></tr>
<tr>
<td title='com.testing.Searchbox_Interactions_Verifications.Searchbox_button_Verification()'><b>Searchbox_button_Verification</b><br>Test class: com.testing.Searchbox_Interactions_Verifications</td>
<td></td>
<td>1</td>
<td>com.testing.Searchbox_Interactions_Verifications@54e1c68b</td></tr>
<tr>
<td title='com.testing.Sections_Interactions_Verifications.Myacc_section()'><b>Myacc_section</b><br>Test class: com.testing.Sections_Interactions_Verifications</td>
<td></td>
<td>3</td>
<td>com.testing.Sections_Interactions_Verifications@53aac487</td></tr>
</table><p>
</body>
</html>