<?xml version="1.0" encoding="UTF-8"?>
<!-- Generated by org.testng.reporters.JUnitXMLReporter -->
<testsuite ignored="0" hostname="GOPAL" failures="3" tests="28" name="Surefire test" time="145.219" errors="0" timestamp="2025-01-24T15:54:10 IST">
  <testcase classname="com.testing.Contact_Us_Page_Verifications" name="Contact_Us_Page" time="6.372"/>
  <testcase classname="com.testing.HomePage_Contents_Verifications" name="HomePage_Title_Verification" time="0.238"/>
  <testcase classname="com.testing.HomePage_Contents_Verifications" name="HomePage_Url_Verification" time="0.018"/>
  <testcase classname="com.testing.HomePage_Contents_Verifications" name="HomePage_Website_Logo_Verification" time="0.069"/>
  <testcase classname="com.testing.HomePage_Contents_Verifications" name="HomePage_Searchbox_Verification" time="0.05"/>
  <testcase classname="com.testing.HomePage_Contents_Verifications" name="HomePage_Sections_Verification" time="0.046"/>
  <testcase classname="com.testing.HomePage_Contents_Verifications" name="HomePage_slide_image_section_Verification" time="0.045"/>
  <testcase classname="com.testing.HomePage_Contents_Verifications" name="HomePage_icons_section_Verification" time="0.043"/>
  <testcase classname="com.testing.HomePage_Contents_Verifications" name="HomePage_about_company_section_Verification" time="0.041"/>
  <testcase classname="com.testing.HomePage_Contents_Verifications" name="HomePage_info_section_Verification" time="0.04"/>
  <testcase classname="com.testing.HomePage_Contents_Verifications" name="HomePage_keypartner_section_Verification" time="0.035"/>
  <testcase classname="com.testing.HomePage_Contents_Verifications" name="HomePage_contact_section_Verification" time="0.04"/>
  <testcase classname="com.testing.HomePage_Contents_Verifications" name="HomePage_footer_section_Verification" time="0.04"/>
  <testcase classname="com.testing.HomePage_Contents_Verifications" name="HomePage_cookie_section_Verification" time="0.041"/>
  <testcase classname="com.testing.Register_and_Login_Verifications" name="Register_acc_section" time="17.541">
    <failure type="org.openqa.selenium.TimeoutException" message="Expected condition failed: waiting for presence of element located by: By.xpath: //*[@id=&amp;quot;post-381&amp;quot;]/div/div/div[1]/div[1]/span[1] (tried for 10 second(s) with 500 milliseconds interval)">
      <![CDATA[org.openqa.selenium.TimeoutException: Expected condition failed: waiting for presence of element located by: By.xpath: //*[@id="post-381"]/div/div/div[1]/div[1]/span[1] (tried for 10 second(s) with 500 milliseconds interval)
at org.openqa.selenium.support.ui.WebDriverWait.timeoutException(WebDriverWait.java:84)
at org.openqa.selenium.support.ui.FluentWait.until(FluentWait.java:228)
at com.testing.Register_and_Login_Verifications.Register_acc_section(Register_and_Login_Verifications.java:47)
at java.base/java.util.ArrayList.forEach(ArrayList.java:1597)
Caused by: org.openqa.selenium.NoSuchElementException: no such element: Unable to locate element: {"method":"xpath","selector":"//*[@id="post-381"]/div/div/div[1]/div[1]/span[1]"}
  (Session info: chrome=132.0.6834.84)
For documentation on this error, please visit: https://www.selenium.dev/documentation/webdriver/troubleshooting/errors#no-such-element-exception
Build info: version: '4.28.0', revision: 'ac342546e9'
System info: os.name: 'Windows 11', os.arch: 'amd64', os.version: '10.0', java.version: '23.0.1'
Driver info: org.openqa.selenium.chrome.ChromeDriver
Command: [59dfb7088576de75a6dda852bf05693b, findElement {using=xpath, value=//*[@id="post-381"]/div/div/div[1]/div[1]/span[1]}]
Capabilities {acceptInsecureCerts: false, browserName: chrome, browserVersion: 132.0.6834.84, chrome: {chromedriverVersion: 132.0.6834.110 (df453a35f09..., userDataDir: C:\Users\HP\AppData\Local\T...}, fedcm:accounts: true, goog:chromeOptions: {debuggerAddress: localhost:4875}, networkConnectionEnabled: false, pageLoadStrategy: normal, platformName: windows, proxy: Proxy(), se:cdp: ws://localhost:4875/devtool..., se:cdpVersion: 132.0.6834.84, setWindowRect: true, strictFileInteractability: false, timeouts: {implicit: 0, pageLoad: 300000, script: 30000}, unhandledPromptBehavior: dismiss and notify, webauthn:extension:credBlob: true, webauthn:extension:largeBlob: true, webauthn:extension:minPinLength: true, webauthn:extension:prf: true, webauthn:virtualAuthenticators: true}
Session ID: 59dfb7088576de75a6dda852bf05693b
at org.openqa.selenium.remote.ErrorCodec.decode(ErrorCodec.java:167)
at org.openqa.selenium.remote.codec.w3c.W3CHttpResponseCodec.decode(W3CHttpResponseCodec.java:138)
at org.openqa.selenium.remote.codec.w3c.W3CHttpResponseCodec.decode(W3CHttpResponseCodec.java:50)
at org.openqa.selenium.remote.HttpCommandExecutor.execute(HttpCommandExecutor.java:215)
at org.openqa.selenium.remote.service.DriverCommandExecutor.invokeExecute(DriverCommandExecutor.java:216)
at org.openqa.selenium.remote.service.DriverCommandExecutor.execute(DriverCommandExecutor.java:174)
at org.openqa.selenium.remote.RemoteWebDriver.execute(RemoteWebDriver.java:545)
at org.openqa.selenium.remote.ElementLocation$ElementFinder$2.findElement(ElementLocation.java:165)
at org.openqa.selenium.remote.ElementLocation.findElement(ElementLocation.java:59)
at org.openqa.selenium.remote.RemoteWebDriver.findElement(RemoteWebDriver.java:368)
at org.openqa.selenium.remote.RemoteWebDriver.findElement(RemoteWebDriver.java:362)
at org.openqa.selenium.support.ui.ExpectedConditions$6.apply(ExpectedConditions.java:171)
at org.openqa.selenium.support.ui.ExpectedConditions$6.apply(ExpectedConditions.java:168)
at org.openqa.selenium.support.ui.FluentWait.until(FluentWait.java:203)
... 32 more
... Removed 33 stack frames]]>
    </failure>
  </testcase> <!-- Register_acc_section -->
  <testcase classname="com.testing.Register_and_Login_Verifications" name="Login_acc_section" time="12.818"/>
  <testcase classname="com.testing.Register_and_Login_Verifications" name="Reset_password_section" time="11.63"/>
  <testcase classname="com.testing.Register_and_Login_Verifications" name="Login_and_Reset_section" time="12.055">
    <failure type="org.openqa.selenium.ElementClickInterceptedException" message="element click intercepted: Element &amp;lt;button type=&amp;quot;submit&amp;quot; class=&amp;quot;woocommerce-Button button&amp;quot; name=&amp;quot;save_account_details&amp;quot; value=&amp;quot;...&amp;quot;&amp;gt;Save changes&amp;lt;/button&amp;gt; is not clickable at point (1254, 632). Other element would receive the click: &amp;lt;a aria-label=&amp;quot;dismiss cookie message&amp;quot; role=&amp;quot;button&amp;quot; tabindex=&amp;quot;0&amp;quot; class=&amp;quot;cc-btn cc-dismiss&amp;quot;&amp;gt;...&amp;lt;/a&amp;gt;
  (Session info: chrome=132.0.6834.84)
Build info: version: &amp;apos;4.28.0&amp;apos;, revision: &amp;apos;ac342546e9&amp;apos;
System info: os.name: &amp;apos;Windows 11&amp;apos;, os.arch: &amp;apos;amd64&amp;apos;, os.version: &amp;apos;10.0&amp;apos;, java.version: &amp;apos;23.0.1&amp;apos;
Driver info: org.openqa.selenium.chrome.ChromeDriver
Command: [59dfb7088576de75a6dda852bf05693b, clickElement {id=f.F92D7C86C65F55CF1F7E7DFD749B955E.d.FB070899DFB64B116BE65439B8202C3F.e.583}]
Capabilities {acceptInsecureCerts: false, browserName: chrome, browserVersion: 132.0.6834.84, chrome: {chromedriverVersion: 132.0.6834.110 (df453a35f09..., userDataDir: C:\Users\HP\AppData\Local\T...}, fedcm:accounts: true, goog:chromeOptions: {debuggerAddress: localhost:4875}, networkConnectionEnabled: false, pageLoadStrategy: normal, platformName: windows, proxy: Proxy(), se:cdp: ws://localhost:4875/devtool..., se:cdpVersion: 132.0.6834.84, setWindowRect: true, strictFileInteractability: false, timeouts: {implicit: 0, pageLoad: 300000, script: 30000}, unhandledPromptBehavior: dismiss and notify, webauthn:extension:credBlob: true, webauthn:extension:largeBlob: true, webauthn:extension:minPinLength: true, webauthn:extension:prf: true, webauthn:virtualAuthenticators: true}
Element: [[ChromeDriver: chrome on windows (59dfb7088576de75a6dda852bf05693b)] -&amp;gt; xpath: //*[@id=&amp;quot;post-381&amp;quot;]/div/div/div[2]/form/p[5]/button]
Session ID: 59dfb7088576de75a6dda852bf05693b">
      <![CDATA[org.openqa.selenium.ElementClickInterceptedException: element click intercepted: Element <button type="submit" class="woocommerce-Button button" name="save_account_details" value="...">Save changes</button> is not clickable at point (1254, 632). Other element would receive the click: <a aria-label="dismiss cookie message" role="button" tabindex="0" class="cc-btn cc-dismiss">...</a>
  (Session info: chrome=132.0.6834.84)
Build info: version: '4.28.0', revision: 'ac342546e9'
System info: os.name: 'Windows 11', os.arch: 'amd64', os.version: '10.0', java.version: '23.0.1'
Driver info: org.openqa.selenium.chrome.ChromeDriver
Command: [59dfb7088576de75a6dda852bf05693b, clickElement {id=f.F92D7C86C65F55CF1F7E7DFD749B955E.d.FB070899DFB64B116BE65439B8202C3F.e.583}]
Capabilities {acceptInsecureCerts: false, browserName: chrome, browserVersion: 132.0.6834.84, chrome: {chromedriverVersion: 132.0.6834.110 (df453a35f09..., userDataDir: C:\Users\HP\AppData\Local\T...}, fedcm:accounts: true, goog:chromeOptions: {debuggerAddress: localhost:4875}, networkConnectionEnabled: false, pageLoadStrategy: normal, platformName: windows, proxy: Proxy(), se:cdp: ws://localhost:4875/devtool..., se:cdpVersion: 132.0.6834.84, setWindowRect: true, strictFileInteractability: false, timeouts: {implicit: 0, pageLoad: 300000, script: 30000}, unhandledPromptBehavior: dismiss and notify, webauthn:extension:credBlob: true, webauthn:extension:largeBlob: true, webauthn:extension:minPinLength: true, webauthn:extension:prf: true, webauthn:virtualAuthenticators: true}
Element: [[ChromeDriver: chrome on windows (59dfb7088576de75a6dda852bf05693b)] -> xpath: //*[@id="post-381"]/div/div/div[2]/form/p[5]/button]
Session ID: 59dfb7088576de75a6dda852bf05693b
at org.openqa.selenium.remote.ErrorCodec.decode(ErrorCodec.java:167)
at org.openqa.selenium.remote.codec.w3c.W3CHttpResponseCodec.decode(W3CHttpResponseCodec.java:138)
at org.openqa.selenium.remote.codec.w3c.W3CHttpResponseCodec.decode(W3CHttpResponseCodec.java:50)
at org.openqa.selenium.remote.HttpCommandExecutor.execute(HttpCommandExecutor.java:215)
at org.openqa.selenium.remote.service.DriverCommandExecutor.invokeExecute(DriverCommandExecutor.java:216)
at org.openqa.selenium.remote.service.DriverCommandExecutor.execute(DriverCommandExecutor.java:174)
at org.openqa.selenium.remote.RemoteWebDriver.execute(RemoteWebDriver.java:545)
at org.openqa.selenium.remote.RemoteWebElement.execute(RemoteWebElement.java:223)
at org.openqa.selenium.remote.RemoteWebElement.click(RemoteWebElement.java:76)
at com.testing.Register_and_Login_Verifications.Login_and_Reset_section(Register_and_Login_Verifications.java:127)
at java.base/java.util.ArrayList.forEach(ArrayList.java:1597)
... Removed 33 stack frames]]>
    </failure>
  </testcase> <!-- Login_and_Reset_section -->
  <testcase classname="com.testing.Searchbox_Interactions_Verifications" name="Searchbox_Displayed" time="0.092"/>
  <testcase classname="com.testing.Searchbox_Interactions_Verifications" name="Searchbox_input_text_Verification" time="0.292"/>
  <testcase classname="com.testing.Searchbox_Interactions_Verifications" name="Searchbox_button_Verification" time="1.746"/>
  <testcase classname="com.testing.Sections_Interactions_Verifications" name="About_section" time="9.341"/>
  <testcase classname="com.testing.Sections_Interactions_Verifications" name="Programs_section" time="12.279">
    <failure type="org.openqa.selenium.TimeoutException" message="Expected condition failed: waiting for element to be clickable: [[ChromeDriver: chrome on windows (ab636ffd8b052b64b57a0f386bc7df7a)] -&amp;gt; xpath: //*[@id=&amp;apos;menu-item-264&amp;apos;]/ul/li/a] (tried for 10 second(s) with 500 milliseconds interval)
Build info: version: &amp;apos;4.28.0&amp;apos;, revision: &amp;apos;ac342546e9&amp;apos;
System info: os.name: &amp;apos;Windows 11&amp;apos;, os.arch: &amp;apos;amd64&amp;apos;, os.version: &amp;apos;10.0&amp;apos;, java.version: &amp;apos;23.0.1&amp;apos;
Driver info: org.openqa.selenium.chrome.ChromeDriver
Capabilities {acceptInsecureCerts: false, browserName: chrome, browserVersion: 132.0.6834.84, chrome: {chromedriverVersion: 132.0.6834.110 (df453a35f09..., userDataDir: C:\Users\HP\AppData\Local\T...}, fedcm:accounts: true, goog:chromeOptions: {debuggerAddress: localhost:4976}, networkConnectionEnabled: false, pageLoadStrategy: normal, platformName: windows, proxy: Proxy(), se:cdp: ws://localhost:4976/devtool..., se:cdpVersion: 132.0.6834.84, setWindowRect: true, strictFileInteractability: false, timeouts: {implicit: 0, pageLoad: 300000, script: 30000}, unhandledPromptBehavior: dismiss and notify, webauthn:extension:credBlob: true, webauthn:extension:largeBlob: true, webauthn:extension:minPinLength: true, webauthn:extension:prf: true, webauthn:virtualAuthenticators: true}
Session ID: ab636ffd8b052b64b57a0f386bc7df7a">
      <![CDATA[org.openqa.selenium.TimeoutException: Expected condition failed: waiting for element to be clickable: [[ChromeDriver: chrome on windows (ab636ffd8b052b64b57a0f386bc7df7a)] -> xpath: //*[@id='menu-item-264']/ul/li/a] (tried for 10 second(s) with 500 milliseconds interval)
Build info: version: '4.28.0', revision: 'ac342546e9'
System info: os.name: 'Windows 11', os.arch: 'amd64', os.version: '10.0', java.version: '23.0.1'
Driver info: org.openqa.selenium.chrome.ChromeDriver
Capabilities {acceptInsecureCerts: false, browserName: chrome, browserVersion: 132.0.6834.84, chrome: {chromedriverVersion: 132.0.6834.110 (df453a35f09..., userDataDir: C:\Users\HP\AppData\Local\T...}, fedcm:accounts: true, goog:chromeOptions: {debuggerAddress: localhost:4976}, networkConnectionEnabled: false, pageLoadStrategy: normal, platformName: windows, proxy: Proxy(), se:cdp: ws://localhost:4976/devtool..., se:cdpVersion: 132.0.6834.84, setWindowRect: true, strictFileInteractability: false, timeouts: {implicit: 0, pageLoad: 300000, script: 30000}, unhandledPromptBehavior: dismiss and notify, webauthn:extension:credBlob: true, webauthn:extension:largeBlob: true, webauthn:extension:minPinLength: true, webauthn:extension:prf: true, webauthn:virtualAuthenticators: true}
Session ID: ab636ffd8b052b64b57a0f386bc7df7a
at org.openqa.selenium.support.ui.WebDriverWait.timeoutException(WebDriverWait.java:84)
at org.openqa.selenium.support.ui.FluentWait.until(FluentWait.java:228)
at com.testing.Sections_Interactions_Verifications.Programs_section(Sections_Interactions_Verifications.java:70)
at java.base/java.util.ArrayList.forEach(ArrayList.java:1597)
... Removed 30 stack frames]]>
    </failure>
  </testcase> <!-- Programs_section -->
  <testcase classname="com.testing.Sections_Interactions_Verifications" name="Services_section" time="3.382"/>
  <testcase classname="com.testing.Sections_Interactions_Verifications" name="CPR_section" time="8.729"/>
  <testcase classname="com.testing.Sections_Interactions_Verifications" name="Contact_section" time="1.66"/>
  <testcase classname="com.testing.Sections_Interactions_Verifications" name="News_section" time="1.664"/>
  <testcase classname="com.testing.Sections_Interactions_Verifications" name="Myacc_section" time="3.315"/>
</testsuite> <!-- Surefire test -->
