<?xml version="1.0" encoding="UTF-8"?>
<!-- Generated by org.testng.reporters.JUnitXMLReporter -->
<testsuite ignored="0" hostname="GOPAL" failures="2" tests="28" name="ChromeTest" time="116.875" errors="0" timestamp="2025-01-26T09:19:25 IST">
  <testcase classname="com.testing.Contact_Us_Page_Verifications" name="Contact_Us_Page" time="5.897"/>
  <testcase classname="com.testing.HomePage_Contents_Verifications" name="HomePage_Title_Verification" time="0.061"/>
  <testcase classname="com.testing.HomePage_Contents_Verifications" name="HomePage_Url_Verification" time="0.016"/>
  <testcase classname="com.testing.HomePage_Contents_Verifications" name="HomePage_Website_Logo_Verification" time="0.069"/>
  <testcase classname="com.testing.HomePage_Contents_Verifications" name="HomePage_Searchbox_Verification" time="0.055"/>
  <testcase classname="com.testing.HomePage_Contents_Verifications" name="HomePage_Sections_Verification" time="0.045"/>
  <testcase classname="com.testing.HomePage_Contents_Verifications" name="HomePage_slide_image_section_Verification" time="0.049"/>
  <testcase classname="com.testing.HomePage_Contents_Verifications" name="HomePage_icons_section_Verification" time="0.041"/>
  <testcase classname="com.testing.HomePage_Contents_Verifications" name="HomePage_about_company_section_Verification" time="0.037"/>
  <testcase classname="com.testing.HomePage_Contents_Verifications" name="HomePage_info_section_Verification" time="0.036"/>
  <testcase classname="com.testing.HomePage_Contents_Verifications" name="HomePage_keypartner_section_Verification" time="0.05"/>
  <testcase classname="com.testing.HomePage_Contents_Verifications" name="HomePage_contact_section_Verification" time="0.068"/>
  <testcase classname="com.testing.HomePage_Contents_Verifications" name="HomePage_footer_section_Verification" time="0.042"/>
  <testcase classname="com.testing.HomePage_Contents_Verifications" name="HomePage_cookie_section_Verification" time="0.036"/>
  <testcase classname="com.testing.Register_and_Login_Verifications" name="Register_acc_section" time="13.705"/>
  <testcase classname="com.testing.Register_and_Login_Verifications" name="Login_acc_section" time="12.412"/>
  <testcase classname="com.testing.Register_and_Login_Verifications" name="Reset_password_section" time="10.441"/>
  <testcase classname="com.testing.Register_and_Login_Verifications" name="Login_and_Reset_section" time="11.743">
    <failure type="org.openqa.selenium.ElementClickInterceptedException" message="element click intercepted: Element &amp;lt;button type=&amp;quot;submit&amp;quot; class=&amp;quot;woocommerce-Button button&amp;quot; name=&amp;quot;save_account_details&amp;quot; value=&amp;quot;...&amp;quot;&amp;gt;Save changes&amp;lt;/button&amp;gt; is not clickable at point (1254, 632). Other element would receive the click: &amp;lt;a aria-label=&amp;quot;dismiss cookie message&amp;quot; role=&amp;quot;button&amp;quot; tabindex=&amp;quot;0&amp;quot; class=&amp;quot;cc-btn cc-dismiss&amp;quot;&amp;gt;...&amp;lt;/a&amp;gt;
  (Session info: chrome=132.0.6834.84)
Build info: version: &amp;apos;4.28.0&amp;apos;, revision: &amp;apos;ac342546e9&amp;apos;
System info: os.name: &amp;apos;Windows 11&amp;apos;, os.arch: &amp;apos;amd64&amp;apos;, os.version: &amp;apos;10.0&amp;apos;, java.version: &amp;apos;23.0.1&amp;apos;
Driver info: org.openqa.selenium.chrome.ChromeDriver
Command: [2e282786860def5e7c3ef43652fc72a0, clickElement {id=f.963DBD90A395CB09123FBA8D2477BFEC.d.0B940D6640C4C7945CEC77E711A0523C.e.616}]
Capabilities {acceptInsecureCerts: false, browserName: chrome, browserVersion: 132.0.6834.84, chrome: {chromedriverVersion: 132.0.6834.110 (df453a35f09..., userDataDir: C:\Users\HP\AppData\Local\T...}, fedcm:accounts: true, goog:chromeOptions: {debuggerAddress: localhost:2904}, networkConnectionEnabled: false, pageLoadStrategy: normal, platformName: windows, proxy: Proxy(), se:cdp: ws://localhost:2904/devtool..., se:cdpVersion: 132.0.6834.84, setWindowRect: true, strictFileInteractability: false, timeouts: {implicit: 0, pageLoad: 300000, script: 30000}, unhandledPromptBehavior: dismiss and notify, webauthn:extension:credBlob: true, webauthn:extension:largeBlob: true, webauthn:extension:minPinLength: true, webauthn:extension:prf: true, webauthn:virtualAuthenticators: true}
Element: [[ChromeDriver: chrome on windows (2e282786860def5e7c3ef43652fc72a0)] -&amp;gt; xpath: //*[@id=&amp;quot;post-381&amp;quot;]/div/div/div[2]/form/p[5]/button]
Session ID: 2e282786860def5e7c3ef43652fc72a0">
      <![CDATA[org.openqa.selenium.ElementClickInterceptedException: element click intercepted: Element <button type="submit" class="woocommerce-Button button" name="save_account_details" value="...">Save changes</button> is not clickable at point (1254, 632). Other element would receive the click: <a aria-label="dismiss cookie message" role="button" tabindex="0" class="cc-btn cc-dismiss">...</a>
  (Session info: chrome=132.0.6834.84)
Build info: version: '4.28.0', revision: 'ac342546e9'
System info: os.name: 'Windows 11', os.arch: 'amd64', os.version: '10.0', java.version: '23.0.1'
Driver info: org.openqa.selenium.chrome.ChromeDriver
Command: [2e282786860def5e7c3ef43652fc72a0, clickElement {id=f.963DBD90A395CB09123FBA8D2477BFEC.d.0B940D6640C4C7945CEC77E711A0523C.e.616}]
Capabilities {acceptInsecureCerts: false, browserName: chrome, browserVersion: 132.0.6834.84, chrome: {chromedriverVersion: 132.0.6834.110 (df453a35f09..., userDataDir: C:\Users\HP\AppData\Local\T...}, fedcm:accounts: true, goog:chromeOptions: {debuggerAddress: localhost:2904}, networkConnectionEnabled: false, pageLoadStrategy: normal, platformName: windows, proxy: Proxy(), se:cdp: ws://localhost:2904/devtool..., se:cdpVersion: 132.0.6834.84, setWindowRect: true, strictFileInteractability: false, timeouts: {implicit: 0, pageLoad: 300000, script: 30000}, unhandledPromptBehavior: dismiss and notify, webauthn:extension:credBlob: true, webauthn:extension:largeBlob: true, webauthn:extension:minPinLength: true, webauthn:extension:prf: true, webauthn:virtualAuthenticators: true}
Element: [[ChromeDriver: chrome on windows (2e282786860def5e7c3ef43652fc72a0)] -> xpath: //*[@id="post-381"]/div/div/div[2]/form/p[5]/button]
Session ID: 2e282786860def5e7c3ef43652fc72a0
at org.openqa.selenium.remote.ErrorCodec.decode(ErrorCodec.java:167)
at org.openqa.selenium.remote.codec.w3c.W3CHttpResponseCodec.decode(W3CHttpResponseCodec.java:138)
at org.openqa.selenium.remote.codec.w3c.W3CHttpResponseCodec.decode(W3CHttpResponseCodec.java:50)
at org.openqa.selenium.remote.HttpCommandExecutor.execute(HttpCommandExecutor.java:215)
at org.openqa.selenium.remote.service.DriverCommandExecutor.invokeExecute(DriverCommandExecutor.java:216)
at org.openqa.selenium.remote.service.DriverCommandExecutor.execute(DriverCommandExecutor.java:174)
at org.openqa.selenium.remote.RemoteWebDriver.execute(RemoteWebDriver.java:545)
at org.openqa.selenium.remote.RemoteWebElement.execute(RemoteWebElement.java:223)
at org.openqa.selenium.remote.RemoteWebElement.click(RemoteWebElement.java:76)
at com.testing.Register_and_Login_Verifications.Login_and_Reset_section(Register_and_Login_Verifications.java:152)
at java.base/java.util.ArrayList.forEach(ArrayList.java:1597)
... Removed 28 stack frames]]>
    </failure>
  </testcase> <!-- Login_and_Reset_section -->
  <testcase classname="com.testing.Searchbox_Interactions_Verifications" name="Searchbox_Displayed" time="0.05"/>
  <testcase classname="com.testing.Searchbox_Interactions_Verifications" name="Searchbox_input_text_Verification" time="0.25"/>
  <testcase classname="com.testing.Searchbox_Interactions_Verifications" name="Searchbox_button_Verification" time="3.185"/>
  <testcase classname="com.testing.Sections_Interactions_Verifications" name="About_section" time="8.566"/>
  <testcase classname="com.testing.Sections_Interactions_Verifications" name="Programs_section" time="5.118">
    <failure type="org.openqa.selenium.StaleElementReferenceException" message="stale element reference: stale element not found
  (Session info: chrome=132.0.6834.84)
For documentation on this error, please visit: https://www.selenium.dev/documentation/webdriver/troubleshooting/errors#stale-element-reference-exception
Build info: version: &amp;apos;4.28.0&amp;apos;, revision: &amp;apos;ac342546e9&amp;apos;
System info: os.name: &amp;apos;Windows 11&amp;apos;, os.arch: &amp;apos;amd64&amp;apos;, os.version: &amp;apos;10.0&amp;apos;, java.version: &amp;apos;23.0.1&amp;apos;
Driver info: org.openqa.selenium.chrome.ChromeDriver
Command: [5e158792d628bcc501a80f3758394eba, getElementText {id=f.C77DF1437C7AE9D064D19EAF6B72519E.d.F57349C596103EC9BD0C59C80A350BE9.e.176}]
Capabilities {acceptInsecureCerts: false, browserName: chrome, browserVersion: 132.0.6834.84, chrome: {chromedriverVersion: 132.0.6834.110 (df453a35f09..., userDataDir: C:\Users\HP\AppData\Local\T...}, fedcm:accounts: true, goog:chromeOptions: {debuggerAddress: localhost:2987}, networkConnectionEnabled: false, pageLoadStrategy: normal, platformName: windows, proxy: Proxy(), se:cdp: ws://localhost:2987/devtool..., se:cdpVersion: 132.0.6834.84, setWindowRect: true, strictFileInteractability: false, timeouts: {implicit: 0, pageLoad: 300000, script: 30000}, unhandledPromptBehavior: dismiss and notify, webauthn:extension:credBlob: true, webauthn:extension:largeBlob: true, webauthn:extension:minPinLength: true, webauthn:extension:prf: true, webauthn:virtualAuthenticators: true}
Element: [[ChromeDriver: chrome on windows (5e158792d628bcc501a80f3758394eba)] -&amp;gt; xpath: //*[@id=&amp;apos;menu-item-264&amp;apos;]/ul/li/a]
Session ID: 5e158792d628bcc501a80f3758394eba">
      <![CDATA[org.openqa.selenium.StaleElementReferenceException: stale element reference: stale element not found
  (Session info: chrome=132.0.6834.84)
For documentation on this error, please visit: https://www.selenium.dev/documentation/webdriver/troubleshooting/errors#stale-element-reference-exception
Build info: version: '4.28.0', revision: 'ac342546e9'
System info: os.name: 'Windows 11', os.arch: 'amd64', os.version: '10.0', java.version: '23.0.1'
Driver info: org.openqa.selenium.chrome.ChromeDriver
Command: [5e158792d628bcc501a80f3758394eba, getElementText {id=f.C77DF1437C7AE9D064D19EAF6B72519E.d.F57349C596103EC9BD0C59C80A350BE9.e.176}]
Capabilities {acceptInsecureCerts: false, browserName: chrome, browserVersion: 132.0.6834.84, chrome: {chromedriverVersion: 132.0.6834.110 (df453a35f09..., userDataDir: C:\Users\HP\AppData\Local\T...}, fedcm:accounts: true, goog:chromeOptions: {debuggerAddress: localhost:2987}, networkConnectionEnabled: false, pageLoadStrategy: normal, platformName: windows, proxy: Proxy(), se:cdp: ws://localhost:2987/devtool..., se:cdpVersion: 132.0.6834.84, setWindowRect: true, strictFileInteractability: false, timeouts: {implicit: 0, pageLoad: 300000, script: 30000}, unhandledPromptBehavior: dismiss and notify, webauthn:extension:credBlob: true, webauthn:extension:largeBlob: true, webauthn:extension:minPinLength: true, webauthn:extension:prf: true, webauthn:virtualAuthenticators: true}
Element: [[ChromeDriver: chrome on windows (5e158792d628bcc501a80f3758394eba)] -> xpath: //*[@id='menu-item-264']/ul/li/a]
Session ID: 5e158792d628bcc501a80f3758394eba
at org.openqa.selenium.remote.ErrorCodec.decode(ErrorCodec.java:167)
at org.openqa.selenium.remote.codec.w3c.W3CHttpResponseCodec.decode(W3CHttpResponseCodec.java:138)
at org.openqa.selenium.remote.codec.w3c.W3CHttpResponseCodec.decode(W3CHttpResponseCodec.java:50)
at org.openqa.selenium.remote.HttpCommandExecutor.execute(HttpCommandExecutor.java:215)
at org.openqa.selenium.remote.service.DriverCommandExecutor.invokeExecute(DriverCommandExecutor.java:216)
at org.openqa.selenium.remote.service.DriverCommandExecutor.execute(DriverCommandExecutor.java:174)
at org.openqa.selenium.remote.RemoteWebDriver.execute(RemoteWebDriver.java:545)
at org.openqa.selenium.remote.RemoteWebElement.execute(RemoteWebElement.java:223)
at org.openqa.selenium.remote.RemoteWebElement.getText(RemoteWebElement.java:191)
at com.testing.Sections_Interactions_Verifications.Programs_section(Sections_Interactions_Verifications.java:89)
at java.base/java.util.ArrayList.forEach(ArrayList.java:1597)
... Removed 28 stack frames]]>
    </failure>
  </testcase> <!-- Programs_section -->
  <testcase classname="com.testing.Sections_Interactions_Verifications" name="Services_section" time="2.852"/>
  <testcase classname="com.testing.Sections_Interactions_Verifications" name="CPR_section" time="7.214"/>
  <testcase classname="com.testing.Sections_Interactions_Verifications" name="Contact_section" time="1.501"/>
  <testcase classname="com.testing.Sections_Interactions_Verifications" name="News_section" time="1.836"/>
  <testcase classname="com.testing.Sections_Interactions_Verifications" name="Myacc_section" time="3.51"/>
</testsuite> <!-- ChromeTest -->
