<?xml version="1.0" encoding="UTF-8"?>
<!-- Generated by org.testng.reporters.JUnitXMLReporter -->
<testsuite ignored="0" hostname="GOPAL" failures="0" tests="3" name="Searchbox_Interactions_Verifications" time="0.136" errors="0" timestamp="2025-01-22T17:34:35 IST">
  <testcase classname="com.testing.Searchbox_Interactions_Verifications" name="@BeforeClass setup" time="-1.737547475511E9">
    <failure type="org.testng.TestNGException" message="
Parameter &amp;apos;browser&amp;apos; is required by BeforeClass on method setup but has not been marked @Optional or defined
in E:\wipro training\CAPSTONE_PROJECT\testng.xml">
      <![CDATA[org.testng.TestNGException: 
Parameter 'browser' is required by BeforeClass on method setup but has not been marked @Optional or defined
in E:\wipro training\CAPSTONE_PROJECT\testng.xml
at java.base/java.util.ArrayList.forEach(ArrayList.java:1597)
... Removed 22 stack frames]]>
    </failure>
  </testcase> <!-- @BeforeClass setup -->
  <testcase classname="com.testing.Searchbox_Interactions_Verifications" name="@AfterClass tearDown" time="-1.737547475605E9">
    <skipped/>
  </testcase> <!-- @AfterClass tearDown -->
  <testcase classname="com.testing.Searchbox_Interactions_Verifications" name="Searchbox_Displayed" time="0.0">
    <skipped/>
  </testcase> <!-- Searchbox_Displayed -->
  <testcase classname="com.testing.Searchbox_Interactions_Verifications" name="Searchbox_input_text_Verification" time="0.0">
    <skipped/>
  </testcase> <!-- Searchbox_input_text_Verification -->
  <testcase classname="com.testing.Searchbox_Interactions_Verifications" name="Searchbox_button_Verification" time="0.0">
    <skipped/>
  </testcase> <!-- Searchbox_button_Verification -->
</testsuite> <!-- Searchbox_Interactions_Verifications -->
