<?xml version="1.0" encoding="UTF-8"?>
<testng-results ignored="0" total="28" passed="26" failed="2" skipped="0">
  <reporter-output>
  </reporter-output>
  <suite started-at="2025-01-26T09:17:28 IST" name="West Florida AHEC Test Suite" finished-at="2025-01-26T09:19:25 IST" duration-ms="116875">
    <groups>
    </groups>
    <test started-at="2025-01-26T09:17:28 IST" name="ChromeTest" finished-at="2025-01-26T09:19:25 IST" duration-ms="116875">
      <class name="com.testing.Contact_Us_Page_Verifications">
        <test-method is-config="true" signature="setup(java.lang.String)[pri:0, instance:com.testing.Contact_Us_Page_Verifications@7068e664]" started-at="2025-01-26T09:17:28 IST" name="setup" finished-at="2025-01-26T09:17:36 IST" duration-ms="7715" status="PASS">
          <params>
            <param index="0">
              <value>
                <![CDATA[chrome]]>
              </value>
            </param>
          </params>
          <reporter-output>
          </reporter-output>
        </test-method> <!-- setup -->
        <test-method signature="Contact_Us_Page()[pri:1, instance:com.testing.Contact_Us_Page_Verifications@7068e664]" started-at="2025-01-26T09:17:36 IST" name="Contact_Us_Page" finished-at="2025-01-26T09:17:42 IST" duration-ms="5897" status="PASS">
          <reporter-output>
          </reporter-output>
        </test-method> <!-- Contact_Us_Page -->
        <test-method is-config="true" signature="tearDown()[pri:0, instance:com.testing.Contact_Us_Page_Verifications@7068e664]" started-at="2025-01-26T09:17:42 IST" name="tearDown" finished-at="2025-01-26T09:17:43 IST" duration-ms="246" status="PASS">
          <reporter-output>
          </reporter-output>
        </test-method> <!-- tearDown -->
      </class> <!-- com.testing.Contact_Us_Page_Verifications -->
      <class name="com.testing.Register_and_Login_Verifications">
        <test-method is-config="true" signature="setup(java.lang.String)[pri:0, instance:com.testing.Register_and_Login_Verifications@18f8cd79]" started-at="2025-01-26T09:17:49 IST" name="setup" finished-at="2025-01-26T09:17:53 IST" duration-ms="4224" status="PASS">
          <params>
            <param index="0">
              <value>
                <![CDATA[chrome]]>
              </value>
            </param>
          </params>
          <reporter-output>
          </reporter-output>
        </test-method> <!-- setup -->
        <test-method signature="Register_acc_section()[pri:1, instance:com.testing.Register_and_Login_Verifications@18f8cd79]" started-at="2025-01-26T09:17:53 IST" name="Register_acc_section" finished-at="2025-01-26T09:18:07 IST" duration-ms="13705" status="PASS">
          <reporter-output>
          </reporter-output>
        </test-method> <!-- Register_acc_section -->
        <test-method signature="Login_acc_section()[pri:2, instance:com.testing.Register_and_Login_Verifications@18f8cd79]" started-at="2025-01-26T09:18:07 IST" name="Login_acc_section" finished-at="2025-01-26T09:18:19 IST" duration-ms="12412" status="PASS">
          <reporter-output>
          </reporter-output>
        </test-method> <!-- Login_acc_section -->
        <test-method signature="Reset_password_section()[pri:3, instance:com.testing.Register_and_Login_Verifications@18f8cd79]" started-at="2025-01-26T09:18:19 IST" name="Reset_password_section" finished-at="2025-01-26T09:18:30 IST" duration-ms="10441" status="PASS">
          <reporter-output>
          </reporter-output>
        </test-method> <!-- Reset_password_section -->
        <test-method signature="Login_and_Reset_section()[pri:4, instance:com.testing.Register_and_Login_Verifications@18f8cd79]" started-at="2025-01-26T09:18:30 IST" name="Login_and_Reset_section" finished-at="2025-01-26T09:18:41 IST" duration-ms="11743" status="FAIL">
          <exception class="org.openqa.selenium.ElementClickInterceptedException">
            <message>
              <![CDATA[element click intercepted: Element <button type="submit" class="woocommerce-Button button" name="save_account_details" value="...">Save changes</button> is not clickable at point (1254, 632). Other element would receive the click: <a aria-label="dismiss cookie message" role="button" tabindex="0" class="cc-btn cc-dismiss">...</a>
  (Session info: chrome=132.0.6834.84)
Build info: version: '4.28.0', revision: 'ac342546e9'
System info: os.name: 'Windows 11', os.arch: 'amd64', os.version: '10.0', java.version: '23.0.1'
Driver info: org.openqa.selenium.chrome.ChromeDriver
Command: [2e282786860def5e7c3ef43652fc72a0, clickElement {id=f.963DBD90A395CB09123FBA8D2477BFEC.d.0B940D6640C4C7945CEC77E711A0523C.e.616}]
Capabilities {acceptInsecureCerts: false, browserName: chrome, browserVersion: 132.0.6834.84, chrome: {chromedriverVersion: 132.0.6834.110 (df453a35f09..., userDataDir: C:\Users\HP\AppData\Local\T...}, fedcm:accounts: true, goog:chromeOptions: {debuggerAddress: localhost:2904}, networkConnectionEnabled: false, pageLoadStrategy: normal, platformName: windows, proxy: Proxy(), se:cdp: ws://localhost:2904/devtool..., se:cdpVersion: 132.0.6834.84, setWindowRect: true, strictFileInteractability: false, timeouts: {implicit: 0, pageLoad: 300000, script: 30000}, unhandledPromptBehavior: dismiss and notify, webauthn:extension:credBlob: true, webauthn:extension:largeBlob: true, webauthn:extension:minPinLength: true, webauthn:extension:prf: true, webauthn:virtualAuthenticators: true}
Element: [[ChromeDriver: chrome on windows (2e282786860def5e7c3ef43652fc72a0)] -> xpath: //*[@id="post-381"]/div/div/div[2]/form/p[5]/button]
Session ID: 2e282786860def5e7c3ef43652fc72a0]]>
            </message>
            <full-stacktrace>
              <![CDATA[org.openqa.selenium.ElementClickInterceptedException: element click intercepted: Element <button type="submit" class="woocommerce-Button button" name="save_account_details" value="...">Save changes</button> is not clickable at point (1254, 632). Other element would receive the click: <a aria-label="dismiss cookie message" role="button" tabindex="0" class="cc-btn cc-dismiss">...</a>
  (Session info: chrome=132.0.6834.84)
Build info: version: '4.28.0', revision: 'ac342546e9'
System info: os.name: 'Windows 11', os.arch: 'amd64', os.version: '10.0', java.version: '23.0.1'
Driver info: org.openqa.selenium.chrome.ChromeDriver
Command: [2e282786860def5e7c3ef43652fc72a0, clickElement {id=f.963DBD90A395CB09123FBA8D2477BFEC.d.0B940D6640C4C7945CEC77E711A0523C.e.616}]
Capabilities {acceptInsecureCerts: false, browserName: chrome, browserVersion: 132.0.6834.84, chrome: {chromedriverVersion: 132.0.6834.110 (df453a35f09..., userDataDir: C:\Users\HP\AppData\Local\T...}, fedcm:accounts: true, goog:chromeOptions: {debuggerAddress: localhost:2904}, networkConnectionEnabled: false, pageLoadStrategy: normal, platformName: windows, proxy: Proxy(), se:cdp: ws://localhost:2904/devtool..., se:cdpVersion: 132.0.6834.84, setWindowRect: true, strictFileInteractability: false, timeouts: {implicit: 0, pageLoad: 300000, script: 30000}, unhandledPromptBehavior: dismiss and notify, webauthn:extension:credBlob: true, webauthn:extension:largeBlob: true, webauthn:extension:minPinLength: true, webauthn:extension:prf: true, webauthn:virtualAuthenticators: true}
Element: [[ChromeDriver: chrome on windows (2e282786860def5e7c3ef43652fc72a0)] -> xpath: //*[@id="post-381"]/div/div/div[2]/form/p[5]/button]
Session ID: 2e282786860def5e7c3ef43652fc72a0
at java.base/jdk.internal.reflect.DirectConstructorHandleAccessor.newInstance(DirectConstructorHandleAccessor.java:62)
at java.base/java.lang.reflect.Constructor.newInstanceWithCaller(Constructor.java:501)
at java.base/java.lang.reflect.Constructor.newInstance(Constructor.java:485)
at org.openqa.selenium.remote.ErrorCodec.decode(ErrorCodec.java:167)
at org.openqa.selenium.remote.codec.w3c.W3CHttpResponseCodec.decode(W3CHttpResponseCodec.java:138)
at org.openqa.selenium.remote.codec.w3c.W3CHttpResponseCodec.decode(W3CHttpResponseCodec.java:50)
at org.openqa.selenium.remote.HttpCommandExecutor.execute(HttpCommandExecutor.java:215)
at org.openqa.selenium.remote.service.DriverCommandExecutor.invokeExecute(DriverCommandExecutor.java:216)
at org.openqa.selenium.remote.service.DriverCommandExecutor.execute(DriverCommandExecutor.java:174)
at org.openqa.selenium.remote.RemoteWebDriver.execute(RemoteWebDriver.java:545)
at org.openqa.selenium.remote.RemoteWebElement.execute(RemoteWebElement.java:223)
at org.openqa.selenium.remote.RemoteWebElement.click(RemoteWebElement.java:76)
at com.testing.Register_and_Login_Verifications.Login_and_Reset_section(Register_and_Login_Verifications.java:152)
at java.base/jdk.internal.reflect.DirectMethodHandleAccessor.invoke(DirectMethodHandleAccessor.java:103)
at java.base/java.lang.reflect.Method.invoke(Method.java:580)
at org.testng.internal.MethodInvocationHelper.invokeMethod(MethodInvocationHelper.java:133)
at org.testng.internal.TestInvoker.invokeMethod(TestInvoker.java:598)
at org.testng.internal.TestInvoker.invokeTestMethod(TestInvoker.java:173)
at org.testng.internal.MethodRunner.runInSequence(MethodRunner.java:46)
at org.testng.internal.TestInvoker$MethodInvocationAgent.invoke(TestInvoker.java:824)
at org.testng.internal.TestInvoker.invokeTestMethods(TestInvoker.java:146)
at org.testng.internal.TestMethodWorker.invokeTestMethods(TestMethodWorker.java:146)
at org.testng.internal.TestMethodWorker.run(TestMethodWorker.java:128)
at java.base/java.util.ArrayList.forEach(ArrayList.java:1597)
at org.testng.TestRunner.privateRun(TestRunner.java:794)
at org.testng.TestRunner.run(TestRunner.java:596)
at org.testng.SuiteRunner.runTest(SuiteRunner.java:377)
at org.testng.SuiteRunner.runSequentially(SuiteRunner.java:371)
at org.testng.SuiteRunner.privateRun(SuiteRunner.java:332)
at org.testng.SuiteRunner.run(SuiteRunner.java:276)
at org.testng.SuiteRunnerWorker.runSuite(SuiteRunnerWorker.java:53)
at org.testng.SuiteRunnerWorker.run(SuiteRunnerWorker.java:96)
at org.testng.TestNG.runSuitesSequentially(TestNG.java:1212)
at org.testng.TestNG.runSuitesLocally(TestNG.java:1134)
at org.testng.TestNG.runSuites(TestNG.java:1063)
at org.testng.TestNG.run(TestNG.java:1031)
at org.testng.remote.AbstractRemoteTestNG.run(AbstractRemoteTestNG.java:115)
at org.testng.remote.RemoteTestNG.initAndRun(RemoteTestNG.java:293)
at org.testng.remote.RemoteTestNG.main(RemoteTestNG.java:91)
]]>
            </full-stacktrace>
          </exception> <!-- org.openqa.selenium.ElementClickInterceptedException -->
          <reporter-output>
          </reporter-output>
        </test-method> <!-- Login_and_Reset_section -->
        <test-method is-config="true" signature="tearDown()[pri:0, instance:com.testing.Register_and_Login_Verifications@18f8cd79]" started-at="2025-01-26T09:18:41 IST" name="tearDown" finished-at="2025-01-26T09:18:42 IST" duration-ms="281" status="PASS">
          <reporter-output>
          </reporter-output>
        </test-method> <!-- tearDown -->
      </class> <!-- com.testing.Register_and_Login_Verifications -->
      <class name="com.testing.Sections_Interactions_Verifications">
        <test-method is-config="true" signature="setup(java.lang.String)[pri:0, instance:com.testing.Sections_Interactions_Verifications@50029372]" started-at="2025-01-26T09:18:50 IST" name="setup" finished-at="2025-01-26T09:18:54 IST" duration-ms="4400" status="PASS">
          <params>
            <param index="0">
              <value>
                <![CDATA[chrome]]>
              </value>
            </param>
          </params>
          <reporter-output>
          </reporter-output>
        </test-method> <!-- setup -->
        <test-method signature="About_section()[pri:1, instance:com.testing.Sections_Interactions_Verifications@50029372]" started-at="2025-01-26T09:18:54 IST" name="About_section" finished-at="2025-01-26T09:19:03 IST" duration-ms="8566" status="PASS">
          <reporter-output>
          </reporter-output>
        </test-method> <!-- About_section -->
        <test-method signature="Programs_section()[pri:2, instance:com.testing.Sections_Interactions_Verifications@50029372]" started-at="2025-01-26T09:19:03 IST" name="Programs_section" finished-at="2025-01-26T09:19:08 IST" duration-ms="5118" status="FAIL">
          <exception class="org.openqa.selenium.StaleElementReferenceException">
            <message>
              <![CDATA[stale element reference: stale element not found
  (Session info: chrome=132.0.6834.84)
For documentation on this error, please visit: https://www.selenium.dev/documentation/webdriver/troubleshooting/errors#stale-element-reference-exception
Build info: version: '4.28.0', revision: 'ac342546e9'
System info: os.name: 'Windows 11', os.arch: 'amd64', os.version: '10.0', java.version: '23.0.1'
Driver info: org.openqa.selenium.chrome.ChromeDriver
Command: [5e158792d628bcc501a80f3758394eba, getElementText {id=f.C77DF1437C7AE9D064D19EAF6B72519E.d.F57349C596103EC9BD0C59C80A350BE9.e.176}]
Capabilities {acceptInsecureCerts: false, browserName: chrome, browserVersion: 132.0.6834.84, chrome: {chromedriverVersion: 132.0.6834.110 (df453a35f09..., userDataDir: C:\Users\HP\AppData\Local\T...}, fedcm:accounts: true, goog:chromeOptions: {debuggerAddress: localhost:2987}, networkConnectionEnabled: false, pageLoadStrategy: normal, platformName: windows, proxy: Proxy(), se:cdp: ws://localhost:2987/devtool..., se:cdpVersion: 132.0.6834.84, setWindowRect: true, strictFileInteractability: false, timeouts: {implicit: 0, pageLoad: 300000, script: 30000}, unhandledPromptBehavior: dismiss and notify, webauthn:extension:credBlob: true, webauthn:extension:largeBlob: true, webauthn:extension:minPinLength: true, webauthn:extension:prf: true, webauthn:virtualAuthenticators: true}
Element: [[ChromeDriver: chrome on windows (5e158792d628bcc501a80f3758394eba)] -> xpath: //*[@id='menu-item-264']/ul/li/a]
Session ID: 5e158792d628bcc501a80f3758394eba]]>
            </message>
            <full-stacktrace>
              <![CDATA[org.openqa.selenium.StaleElementReferenceException: stale element reference: stale element not found
  (Session info: chrome=132.0.6834.84)
For documentation on this error, please visit: https://www.selenium.dev/documentation/webdriver/troubleshooting/errors#stale-element-reference-exception
Build info: version: '4.28.0', revision: 'ac342546e9'
System info: os.name: 'Windows 11', os.arch: 'amd64', os.version: '10.0', java.version: '23.0.1'
Driver info: org.openqa.selenium.chrome.ChromeDriver
Command: [5e158792d628bcc501a80f3758394eba, getElementText {id=f.C77DF1437C7AE9D064D19EAF6B72519E.d.F57349C596103EC9BD0C59C80A350BE9.e.176}]
Capabilities {acceptInsecureCerts: false, browserName: chrome, browserVersion: 132.0.6834.84, chrome: {chromedriverVersion: 132.0.6834.110 (df453a35f09..., userDataDir: C:\Users\HP\AppData\Local\T...}, fedcm:accounts: true, goog:chromeOptions: {debuggerAddress: localhost:2987}, networkConnectionEnabled: false, pageLoadStrategy: normal, platformName: windows, proxy: Proxy(), se:cdp: ws://localhost:2987/devtool..., se:cdpVersion: 132.0.6834.84, setWindowRect: true, strictFileInteractability: false, timeouts: {implicit: 0, pageLoad: 300000, script: 30000}, unhandledPromptBehavior: dismiss and notify, webauthn:extension:credBlob: true, webauthn:extension:largeBlob: true, webauthn:extension:minPinLength: true, webauthn:extension:prf: true, webauthn:virtualAuthenticators: true}
Element: [[ChromeDriver: chrome on windows (5e158792d628bcc501a80f3758394eba)] -> xpath: //*[@id='menu-item-264']/ul/li/a]
Session ID: 5e158792d628bcc501a80f3758394eba
at java.base/jdk.internal.reflect.DirectConstructorHandleAccessor.newInstance(DirectConstructorHandleAccessor.java:62)
at java.base/java.lang.reflect.Constructor.newInstanceWithCaller(Constructor.java:501)
at java.base/java.lang.reflect.Constructor.newInstance(Constructor.java:485)
at org.openqa.selenium.remote.ErrorCodec.decode(ErrorCodec.java:167)
at org.openqa.selenium.remote.codec.w3c.W3CHttpResponseCodec.decode(W3CHttpResponseCodec.java:138)
at org.openqa.selenium.remote.codec.w3c.W3CHttpResponseCodec.decode(W3CHttpResponseCodec.java:50)
at org.openqa.selenium.remote.HttpCommandExecutor.execute(HttpCommandExecutor.java:215)
at org.openqa.selenium.remote.service.DriverCommandExecutor.invokeExecute(DriverCommandExecutor.java:216)
at org.openqa.selenium.remote.service.DriverCommandExecutor.execute(DriverCommandExecutor.java:174)
at org.openqa.selenium.remote.RemoteWebDriver.execute(RemoteWebDriver.java:545)
at org.openqa.selenium.remote.RemoteWebElement.execute(RemoteWebElement.java:223)
at org.openqa.selenium.remote.RemoteWebElement.getText(RemoteWebElement.java:191)
at com.testing.Sections_Interactions_Verifications.Programs_section(Sections_Interactions_Verifications.java:89)
at java.base/jdk.internal.reflect.DirectMethodHandleAccessor.invoke(DirectMethodHandleAccessor.java:103)
at java.base/java.lang.reflect.Method.invoke(Method.java:580)
at org.testng.internal.MethodInvocationHelper.invokeMethod(MethodInvocationHelper.java:133)
at org.testng.internal.TestInvoker.invokeMethod(TestInvoker.java:598)
at org.testng.internal.TestInvoker.invokeTestMethod(TestInvoker.java:173)
at org.testng.internal.MethodRunner.runInSequence(MethodRunner.java:46)
at org.testng.internal.TestInvoker$MethodInvocationAgent.invoke(TestInvoker.java:824)
at org.testng.internal.TestInvoker.invokeTestMethods(TestInvoker.java:146)
at org.testng.internal.TestMethodWorker.invokeTestMethods(TestMethodWorker.java:146)
at org.testng.internal.TestMethodWorker.run(TestMethodWorker.java:128)
at java.base/java.util.ArrayList.forEach(ArrayList.java:1597)
at org.testng.TestRunner.privateRun(TestRunner.java:794)
at org.testng.TestRunner.run(TestRunner.java:596)
at org.testng.SuiteRunner.runTest(SuiteRunner.java:377)
at org.testng.SuiteRunner.runSequentially(SuiteRunner.java:371)
at org.testng.SuiteRunner.privateRun(SuiteRunner.java:332)
at org.testng.SuiteRunner.run(SuiteRunner.java:276)
at org.testng.SuiteRunnerWorker.runSuite(SuiteRunnerWorker.java:53)
at org.testng.SuiteRunnerWorker.run(SuiteRunnerWorker.java:96)
at org.testng.TestNG.runSuitesSequentially(TestNG.java:1212)
at org.testng.TestNG.runSuitesLocally(TestNG.java:1134)
at org.testng.TestNG.runSuites(TestNG.java:1063)
at org.testng.TestNG.run(TestNG.java:1031)
at org.testng.remote.AbstractRemoteTestNG.run(AbstractRemoteTestNG.java:115)
at org.testng.remote.RemoteTestNG.initAndRun(RemoteTestNG.java:293)
at org.testng.remote.RemoteTestNG.main(RemoteTestNG.java:91)
]]>
            </full-stacktrace>
          </exception> <!-- org.openqa.selenium.StaleElementReferenceException -->
          <reporter-output>
          </reporter-output>
        </test-method> <!-- Programs_section -->
        <test-method signature="Services_section()[pri:3, instance:com.testing.Sections_Interactions_Verifications@50029372]" started-at="2025-01-26T09:19:08 IST" name="Services_section" finished-at="2025-01-26T09:19:11 IST" duration-ms="2852" status="PASS">
          <reporter-output>
          </reporter-output>
        </test-method> <!-- Services_section -->
        <test-method signature="CPR_section()[pri:4, instance:com.testing.Sections_Interactions_Verifications@50029372]" started-at="2025-01-26T09:19:11 IST" name="CPR_section" finished-at="2025-01-26T09:19:18 IST" duration-ms="7214" status="PASS">
          <reporter-output>
          </reporter-output>
        </test-method> <!-- CPR_section -->
        <test-method signature="Contact_section()[pri:5, instance:com.testing.Sections_Interactions_Verifications@50029372]" started-at="2025-01-26T09:19:18 IST" name="Contact_section" finished-at="2025-01-26T09:19:19 IST" duration-ms="1501" status="PASS">
          <reporter-output>
          </reporter-output>
        </test-method> <!-- Contact_section -->
        <test-method signature="News_section()[pri:6, instance:com.testing.Sections_Interactions_Verifications@50029372]" started-at="2025-01-26T09:19:19 IST" name="News_section" finished-at="2025-01-26T09:19:21 IST" duration-ms="1836" status="PASS">
          <reporter-output>
          </reporter-output>
        </test-method> <!-- News_section -->
        <test-method signature="Myacc_section()[pri:7, instance:com.testing.Sections_Interactions_Verifications@50029372]" started-at="2025-01-26T09:19:21 IST" name="Myacc_section" finished-at="2025-01-26T09:19:25 IST" duration-ms="3510" status="PASS">
          <reporter-output>
          </reporter-output>
        </test-method> <!-- Myacc_section -->
        <test-method is-config="true" signature="tearDown()[pri:0, instance:com.testing.Sections_Interactions_Verifications@50029372]" started-at="2025-01-26T09:19:25 IST" name="tearDown" finished-at="2025-01-26T09:19:25 IST" duration-ms="462" status="PASS">
          <reporter-output>
          </reporter-output>
        </test-method> <!-- tearDown -->
      </class> <!-- com.testing.Sections_Interactions_Verifications -->
      <class name="com.testing.Searchbox_Interactions_Verifications">
        <test-method is-config="true" signature="setup(java.lang.String)[pri:0, instance:com.testing.Searchbox_Interactions_Verifications@3e2055d6]" started-at="2025-01-26T09:18:42 IST" name="setup" finished-at="2025-01-26T09:18:46 IST" duration-ms="4340" status="PASS">
          <params>
            <param index="0">
              <value>
                <![CDATA[chrome]]>
              </value>
            </param>
          </params>
          <reporter-output>
          </reporter-output>
        </test-method> <!-- setup -->
        <test-method signature="Searchbox_Displayed()[pri:1, instance:com.testing.Searchbox_Interactions_Verifications@3e2055d6]" started-at="2025-01-26T09:18:46 IST" name="Searchbox_Displayed" finished-at="2025-01-26T09:18:46 IST" duration-ms="50" status="PASS">
          <reporter-output>
          </reporter-output>
        </test-method> <!-- Searchbox_Displayed -->
        <test-method signature="Searchbox_input_text_Verification()[pri:2, instance:com.testing.Searchbox_Interactions_Verifications@3e2055d6]" started-at="2025-01-26T09:18:46 IST" name="Searchbox_input_text_Verification" finished-at="2025-01-26T09:18:46 IST" duration-ms="250" status="PASS">
          <reporter-output>
          </reporter-output>
        </test-method> <!-- Searchbox_input_text_Verification -->
        <test-method signature="Searchbox_button_Verification()[pri:3, instance:com.testing.Searchbox_Interactions_Verifications@3e2055d6]" started-at="2025-01-26T09:18:46 IST" name="Searchbox_button_Verification" finished-at="2025-01-26T09:18:50 IST" duration-ms="3185" status="PASS">
          <reporter-output>
          </reporter-output>
        </test-method> <!-- Searchbox_button_Verification -->
        <test-method is-config="true" signature="tearDown()[pri:0, instance:com.testing.Searchbox_Interactions_Verifications@3e2055d6]" started-at="2025-01-26T09:18:50 IST" name="tearDown" finished-at="2025-01-26T09:18:50 IST" duration-ms="226" status="PASS">
          <reporter-output>
          </reporter-output>
        </test-method> <!-- tearDown -->
      </class> <!-- com.testing.Searchbox_Interactions_Verifications -->
      <class name="com.testing.HomePage_Contents_Verifications">
        <test-method is-config="true" signature="setup(java.lang.String)[pri:0, instance:com.testing.HomePage_Contents_Verifications@64b0598]" started-at="2025-01-26T09:17:43 IST" name="setup" finished-at="2025-01-26T09:17:48 IST" duration-ms="5360" status="PASS">
          <params>
            <param index="0">
              <value>
                <![CDATA[chrome]]>
              </value>
            </param>
          </params>
          <reporter-output>
          </reporter-output>
        </test-method> <!-- setup -->
        <test-method signature="HomePage_Title_Verification()[pri:1, instance:com.testing.HomePage_Contents_Verifications@64b0598]" started-at="2025-01-26T09:17:48 IST" name="HomePage_Title_Verification" finished-at="2025-01-26T09:17:48 IST" duration-ms="61" status="PASS">
          <reporter-output>
          </reporter-output>
        </test-method> <!-- HomePage_Title_Verification -->
        <test-method signature="HomePage_Url_Verification()[pri:2, instance:com.testing.HomePage_Contents_Verifications@64b0598]" started-at="2025-01-26T09:17:48 IST" name="HomePage_Url_Verification" finished-at="2025-01-26T09:17:48 IST" duration-ms="16" status="PASS">
          <reporter-output>
          </reporter-output>
        </test-method> <!-- HomePage_Url_Verification -->
        <test-method signature="HomePage_Website_Logo_Verification()[pri:3, instance:com.testing.HomePage_Contents_Verifications@64b0598]" started-at="2025-01-26T09:17:48 IST" name="HomePage_Website_Logo_Verification" finished-at="2025-01-26T09:17:48 IST" duration-ms="69" status="PASS">
          <reporter-output>
          </reporter-output>
        </test-method> <!-- HomePage_Website_Logo_Verification -->
        <test-method signature="HomePage_Searchbox_Verification()[pri:4, instance:com.testing.HomePage_Contents_Verifications@64b0598]" started-at="2025-01-26T09:17:48 IST" name="HomePage_Searchbox_Verification" finished-at="2025-01-26T09:17:48 IST" duration-ms="55" status="PASS">
          <reporter-output>
          </reporter-output>
        </test-method> <!-- HomePage_Searchbox_Verification -->
        <test-method signature="HomePage_Sections_Verification()[pri:5, instance:com.testing.HomePage_Contents_Verifications@64b0598]" started-at="2025-01-26T09:17:48 IST" name="HomePage_Sections_Verification" finished-at="2025-01-26T09:17:48 IST" duration-ms="45" status="PASS">
          <reporter-output>
          </reporter-output>
        </test-method> <!-- HomePage_Sections_Verification -->
        <test-method signature="HomePage_slide_image_section_Verification()[pri:6, instance:com.testing.HomePage_Contents_Verifications@64b0598]" started-at="2025-01-26T09:17:48 IST" name="HomePage_slide_image_section_Verification" finished-at="2025-01-26T09:17:48 IST" duration-ms="49" status="PASS">
          <reporter-output>
          </reporter-output>
        </test-method> <!-- HomePage_slide_image_section_Verification -->
        <test-method signature="HomePage_icons_section_Verification()[pri:7, instance:com.testing.HomePage_Contents_Verifications@64b0598]" started-at="2025-01-26T09:17:48 IST" name="HomePage_icons_section_Verification" finished-at="2025-01-26T09:17:48 IST" duration-ms="41" status="PASS">
          <reporter-output>
          </reporter-output>
        </test-method> <!-- HomePage_icons_section_Verification -->
        <test-method signature="HomePage_about_company_section_Verification()[pri:8, instance:com.testing.HomePage_Contents_Verifications@64b0598]" started-at="2025-01-26T09:17:48 IST" name="HomePage_about_company_section_Verification" finished-at="2025-01-26T09:17:48 IST" duration-ms="37" status="PASS">
          <reporter-output>
          </reporter-output>
        </test-method> <!-- HomePage_about_company_section_Verification -->
        <test-method signature="HomePage_info_section_Verification()[pri:9, instance:com.testing.HomePage_Contents_Verifications@64b0598]" started-at="2025-01-26T09:17:48 IST" name="HomePage_info_section_Verification" finished-at="2025-01-26T09:17:48 IST" duration-ms="36" status="PASS">
          <reporter-output>
          </reporter-output>
        </test-method> <!-- HomePage_info_section_Verification -->
        <test-method signature="HomePage_keypartner_section_Verification()[pri:10, instance:com.testing.HomePage_Contents_Verifications@64b0598]" started-at="2025-01-26T09:17:48 IST" name="HomePage_keypartner_section_Verification" finished-at="2025-01-26T09:17:48 IST" duration-ms="50" status="PASS">
          <reporter-output>
          </reporter-output>
        </test-method> <!-- HomePage_keypartner_section_Verification -->
        <test-method signature="HomePage_contact_section_Verification()[pri:11, instance:com.testing.HomePage_Contents_Verifications@64b0598]" started-at="2025-01-26T09:17:48 IST" name="HomePage_contact_section_Verification" finished-at="2025-01-26T09:17:49 IST" duration-ms="68" status="PASS">
          <reporter-output>
          </reporter-output>
        </test-method> <!-- HomePage_contact_section_Verification -->
        <test-method signature="HomePage_footer_section_Verification()[pri:12, instance:com.testing.HomePage_Contents_Verifications@64b0598]" started-at="2025-01-26T09:17:49 IST" name="HomePage_footer_section_Verification" finished-at="2025-01-26T09:17:49 IST" duration-ms="42" status="PASS">
          <reporter-output>
          </reporter-output>
        </test-method> <!-- HomePage_footer_section_Verification -->
        <test-method signature="HomePage_cookie_section_Verification()[pri:13, instance:com.testing.HomePage_Contents_Verifications@64b0598]" started-at="2025-01-26T09:17:49 IST" name="HomePage_cookie_section_Verification" finished-at="2025-01-26T09:17:49 IST" duration-ms="36" status="PASS">
          <reporter-output>
          </reporter-output>
        </test-method> <!-- HomePage_cookie_section_Verification -->
        <test-method is-config="true" signature="tearDown()[pri:0, instance:com.testing.HomePage_Contents_Verifications@64b0598]" started-at="2025-01-26T09:17:49 IST" name="tearDown" finished-at="2025-01-26T09:17:49 IST" duration-ms="223" status="PASS">
          <reporter-output>
          </reporter-output>
        </test-method> <!-- tearDown -->
      </class> <!-- com.testing.HomePage_Contents_Verifications -->
    </test> <!-- ChromeTest -->
  </suite> <!-- West Florida AHEC Test Suite -->
</testng-results>
