<!DOCTYPE html PUBLIC "-//W3C//DTD XHTML 1.1//EN" "https://www.w3.org/TR/xhtml11/DTD/xhtml11.dtd">
<html xmlns="https://www.w3.org/1999/xhtml">
<head>
<meta http-equiv="content-type" content="text/html; charset=UTF-8"/>
<title>TestNG Report</title>
<style type="text/css">table {margin-bottom:10px;border-collapse:collapse;empty-cells:show}th,td {border:1px solid #009;padding:.25em .5em}th {vertical-align:bottom}td {vertical-align:top}table a {font-weight:bold}.stripe td {background-color: #E6EBF9}.num {text-align:right}.passedodd td {background-color: #3F3}.passedeven td {background-color: #0A0}.skippedodd td {background-color: #DDD}.skippedeven td {background-color: #CCC}.failedodd td,.attn {background-color: #F33}.failedeven td,.stripe .attn {background-color: #D00}.stacktrace {white-space:pre;font-family:monospace}.totop {font-size:85%;text-align:center;border-bottom:2px solid #000}.invisible {display:none}</style>
</head>
<body>
<table>
<tr><th>Test</th><th># Passed</th><th># Skipped</th><th># Retried</th><th># Failed</th><th>Time (ms)</th><th>Included Groups</th><th>Excluded Groups</th></tr>
<tr><th colspan="8">Surefire suite</th></tr>
<tr><td><a href="#t0">Surefire test</a></td><td class="num">25</td><td class="num">0</td><td class="num">0</td><td class="num attn">3</td><td class="num">145,219</td><td></td><td></td></tr>
</table>
<table id='summary'><thead><tr><th>Class</th><th>Method</th><th>Start</th><th>Time (ms)</th></tr></thead><tbody><tr><th colspan="4">Surefire suite</th></tr></tbody><tbody id="t0"><tr><th colspan="4">Surefire test &#8212; failed</th></tr><tr class="failedeven"><td rowspan="2">com.testing.Register_and_Login_Verifications</td><td><a href="#m0">Login_and_Reset_section</a></td><td rowspan="1">1737714183558</td><td rowspan="1">12055</td></tr><tr class="failedeven"><td><a href="#m1">Register_acc_section</a></td><td rowspan="1">1737714141425</td><td rowspan="1">17541</td></tr><tr class="failedodd"><td rowspan="1">com.testing.Sections_Interactions_Verifications</td><td><a href="#m2">Programs_section</a></td><td rowspan="1">1737714218889</td><td rowspan="1">12279</td></tr><tr><th colspan="4">Surefire test &#8212; passed</th></tr><tr class="passedeven"><td rowspan="1">com.testing.Contact_Us_Page_Verifications</td><td><a href="#m3">Contact_Us_Page</a></td><td rowspan="1">1737714113092</td><td rowspan="1">6372</td></tr><tr class="passedodd"><td rowspan="13">com.testing.HomePage_Contents_Verifications</td><td><a href="#m4">HomePage_Searchbox_Verification</a></td><td rowspan="1">1737714135087</td><td rowspan="1">50</td></tr><tr class="passedodd"><td><a href="#m5">HomePage_Sections_Verification</a></td><td rowspan="1">1737714135139</td><td rowspan="1">46</td></tr><tr class="passedodd"><td><a href="#m6">HomePage_Title_Verification</a></td><td rowspan="1">1737714134753</td><td rowspan="1">238</td></tr><tr class="passedodd"><td><a href="#m7">HomePage_Url_Verification</a></td><td rowspan="1">1737714134994</td><td rowspan="1">18</td></tr><tr class="passedodd"><td><a href="#m8">HomePage_Website_Logo_Verification</a></td><td rowspan="1">1737714135014</td><td rowspan="1">69</td></tr><tr class="passedodd"><td><a href="#m9">HomePage_about_company_section_Verification</a></td><td rowspan="1">1737714135282</td><td rowspan="1">41</td></tr><tr class="passedodd"><td><a href="#m10">HomePage_contact_section_Verification</a></td><td rowspan="1">1737714135405</td><td rowspan="1">40</td></tr><tr class="passedodd"><td><a href="#m11">HomePage_cookie_section_Verification</a></td><td rowspan="1">1737714135493</td><td rowspan="1">41</td></tr><tr class="passedodd"><td><a href="#m12">HomePage_footer_section_Verification</a></td><td rowspan="1">1737714135450</td><td rowspan="1">40</td></tr><tr class="passedodd"><td><a href="#m13">HomePage_icons_section_Verification</a></td><td rowspan="1">1737714135234</td><td rowspan="1">43</td></tr><tr class="passedodd"><td><a href="#m14">HomePage_info_section_Verification</a></td><td rowspan="1">1737714135325</td><td rowspan="1">40</td></tr><tr class="passedodd"><td><a href="#m15">HomePage_keypartner_section_Verification</a></td><td rowspan="1">1737714135368</td><td rowspan="1">35</td></tr><tr class="passedodd"><td><a href="#m16">HomePage_slide_image_section_Verification</a></td><td rowspan="1">1737714135187</td><td rowspan="1">45</td></tr><tr class="passedeven"><td rowspan="2">com.testing.Register_and_Login_Verifications</td><td><a href="#m17">Login_acc_section</a></td><td rowspan="1">1737714159087</td><td rowspan="1">12818</td></tr><tr class="passedeven"><td><a href="#m18">Reset_password_section</a></td><td rowspan="1">1737714171926</td><td rowspan="1">11630</td></tr><tr class="passedodd"><td rowspan="3">com.testing.Searchbox_Interactions_Verifications</td><td><a href="#m19">Searchbox_Displayed</a></td><td rowspan="1">1737714201675</td><td rowspan="1">92</td></tr><tr class="passedodd"><td><a href="#m20">Searchbox_button_Verification</a></td><td rowspan="1">1737714202066</td><td rowspan="1">1746</td></tr><tr class="passedodd"><td><a href="#m21">Searchbox_input_text_Verification</a></td><td rowspan="1">1737714201769</td><td rowspan="1">292</td></tr><tr class="passedeven"><td rowspan="6">com.testing.Sections_Interactions_Verifications</td><td><a href="#m22">About_section</a></td><td rowspan="1">1737714209545</td><td rowspan="1">9341</td></tr><tr class="passedeven"><td><a href="#m23">CPR_section</a></td><td rowspan="1">1737714234556</td><td rowspan="1">8729</td></tr><tr class="passedeven"><td><a href="#m24">Contact_section</a></td><td rowspan="1">1737714243288</td><td rowspan="1">1660</td></tr><tr class="passedeven"><td><a href="#m25">Myacc_section</a></td><td rowspan="1">1737714246616</td><td rowspan="1">3315</td></tr><tr class="passedeven"><td><a href="#m26">News_section</a></td><td rowspan="1">1737714244950</td><td rowspan="1">1664</td></tr><tr class="passedeven"><td><a href="#m27">Services_section</a></td><td rowspan="1">1737714231171</td><td rowspan="1">3382</td></tr></tbody>
</table>
<h2>Surefire test</h2><h3 id="m0">com.testing.Register_and_Login_Verifications#Login_and_Reset_section</h3><table class="result"><tr><th>Exception</th></tr><tr><td><div class="stacktrace">org.openqa.selenium.ElementClickInterceptedException: element click intercepted: Element &lt;button type=&quot;submit&quot; class=&quot;woocommerce-Button button&quot; name=&quot;save_account_details&quot; value=&quot;...&quot;&gt;Save changes&lt;/button&gt; is not clickable at point (1254, 632). Other element would receive the click: &lt;a aria-label=&quot;dismiss cookie message&quot; role=&quot;button&quot; tabindex=&quot;0&quot; class=&quot;cc-btn cc-dismiss&quot;&gt;...&lt;/a&gt;
  (Session info: chrome=132.0.6834.84)
Build info: version: &apos;4.28.0&apos;, revision: &apos;ac342546e9&apos;
System info: os.name: &apos;Windows 11&apos;, os.arch: &apos;amd64&apos;, os.version: &apos;10.0&apos;, java.version: &apos;23.0.1&apos;
Driver info: org.openqa.selenium.chrome.ChromeDriver
Command: [59dfb7088576de75a6dda852bf05693b, clickElement {id=f.F92D7C86C65F55CF1F7E7DFD749B955E.d.FB070899DFB64B116BE65439B8202C3F.e.583}]
Capabilities {acceptInsecureCerts: false, browserName: chrome, browserVersion: 132.0.6834.84, chrome: {chromedriverVersion: 132.0.6834.110 (df453a35f09..., userDataDir: C:\Users\HP\AppData\Local\T...}, fedcm:accounts: true, goog:chromeOptions: {debuggerAddress: localhost:4875}, networkConnectionEnabled: false, pageLoadStrategy: normal, platformName: windows, proxy: Proxy(), se:cdp: ws://localhost:4875/devtool..., se:cdpVersion: 132.0.6834.84, setWindowRect: true, strictFileInteractability: false, timeouts: {implicit: 0, pageLoad: 300000, script: 30000}, unhandledPromptBehavior: dismiss and notify, webauthn:extension:credBlob: true, webauthn:extension:largeBlob: true, webauthn:extension:minPinLength: true, webauthn:extension:prf: true, webauthn:virtualAuthenticators: true}
Element: [[ChromeDriver: chrome on windows (59dfb7088576de75a6dda852bf05693b)] -&gt; xpath: //*[@id=&quot;post-381&quot;]/div/div/div[2]/form/p[5]/button]
Session ID: 59dfb7088576de75a6dda852bf05693b
	at org.openqa.selenium.remote.ErrorCodec.decode(ErrorCodec.java:167)
	at org.openqa.selenium.remote.codec.w3c.W3CHttpResponseCodec.decode(W3CHttpResponseCodec.java:138)
	at org.openqa.selenium.remote.codec.w3c.W3CHttpResponseCodec.decode(W3CHttpResponseCodec.java:50)
	at org.openqa.selenium.remote.HttpCommandExecutor.execute(HttpCommandExecutor.java:215)
	at org.openqa.selenium.remote.service.DriverCommandExecutor.invokeExecute(DriverCommandExecutor.java:216)
	at org.openqa.selenium.remote.service.DriverCommandExecutor.execute(DriverCommandExecutor.java:174)
	at org.openqa.selenium.remote.RemoteWebDriver.execute(RemoteWebDriver.java:545)
	at org.openqa.selenium.remote.RemoteWebElement.execute(RemoteWebElement.java:223)
	at org.openqa.selenium.remote.RemoteWebElement.click(RemoteWebElement.java:76)
	at com.testing.Register_and_Login_Verifications.Login_and_Reset_section(Register_and_Login_Verifications.java:127)
	at java.base/java.util.ArrayList.forEach(ArrayList.java:1597)
... Removed 33 stack frames</div></td></tr></table><p class="totop"><a href="#summary">back to summary</a></p>
<h3 id="m1">com.testing.Register_and_Login_Verifications#Register_acc_section</h3><table class="result"><tr><th>Exception</th></tr><tr><td><div class="stacktrace">org.openqa.selenium.TimeoutException: Expected condition failed: waiting for presence of element located by: By.xpath: //*[@id=&quot;post-381&quot;]/div/div/div[1]/div[1]/span[1] (tried for 10 second(s) with 500 milliseconds interval)
	at org.openqa.selenium.support.ui.WebDriverWait.timeoutException(WebDriverWait.java:84)
	at org.openqa.selenium.support.ui.FluentWait.until(FluentWait.java:228)
	at com.testing.Register_and_Login_Verifications.Register_acc_section(Register_and_Login_Verifications.java:47)
	at java.base/java.util.ArrayList.forEach(ArrayList.java:1597)
Caused by: org.openqa.selenium.NoSuchElementException: no such element: Unable to locate element: {&quot;method&quot;:&quot;xpath&quot;,&quot;selector&quot;:&quot;//*[@id=&quot;post-381&quot;]/div/div/div[1]/div[1]/span[1]&quot;}
  (Session info: chrome=132.0.6834.84)
For documentation on this error, please visit: https://www.selenium.dev/documentation/webdriver/troubleshooting/errors#no-such-element-exception
Build info: version: &apos;4.28.0&apos;, revision: &apos;ac342546e9&apos;
System info: os.name: &apos;Windows 11&apos;, os.arch: &apos;amd64&apos;, os.version: &apos;10.0&apos;, java.version: &apos;23.0.1&apos;
Driver info: org.openqa.selenium.chrome.ChromeDriver
Command: [59dfb7088576de75a6dda852bf05693b, findElement {using=xpath, value=//*[@id=&quot;post-381&quot;]/div/div/div[1]/div[1]/span[1]}]
Capabilities {acceptInsecureCerts: false, browserName: chrome, browserVersion: 132.0.6834.84, chrome: {chromedriverVersion: 132.0.6834.110 (df453a35f09..., userDataDir: C:\Users\HP\AppData\Local\T...}, fedcm:accounts: true, goog:chromeOptions: {debuggerAddress: localhost:4875}, networkConnectionEnabled: false, pageLoadStrategy: normal, platformName: windows, proxy: Proxy(), se:cdp: ws://localhost:4875/devtool..., se:cdpVersion: 132.0.6834.84, setWindowRect: true, strictFileInteractability: false, timeouts: {implicit: 0, pageLoad: 300000, script: 30000}, unhandledPromptBehavior: dismiss and notify, webauthn:extension:credBlob: true, webauthn:extension:largeBlob: true, webauthn:extension:minPinLength: true, webauthn:extension:prf: true, webauthn:virtualAuthenticators: true}
Session ID: 59dfb7088576de75a6dda852bf05693b
	at org.openqa.selenium.remote.ErrorCodec.decode(ErrorCodec.java:167)
	at org.openqa.selenium.remote.codec.w3c.W3CHttpResponseCodec.decode(W3CHttpResponseCodec.java:138)
	at org.openqa.selenium.remote.codec.w3c.W3CHttpResponseCodec.decode(W3CHttpResponseCodec.java:50)
	at org.openqa.selenium.remote.HttpCommandExecutor.execute(HttpCommandExecutor.java:215)
	at org.openqa.selenium.remote.service.DriverCommandExecutor.invokeExecute(DriverCommandExecutor.java:216)
	at org.openqa.selenium.remote.service.DriverCommandExecutor.execute(DriverCommandExecutor.java:174)
	at org.openqa.selenium.remote.RemoteWebDriver.execute(RemoteWebDriver.java:545)
	at org.openqa.selenium.remote.ElementLocation$ElementFinder$2.findElement(ElementLocation.java:165)
	at org.openqa.selenium.remote.ElementLocation.findElement(ElementLocation.java:59)
	at org.openqa.selenium.remote.RemoteWebDriver.findElement(RemoteWebDriver.java:368)
	at org.openqa.selenium.remote.RemoteWebDriver.findElement(RemoteWebDriver.java:362)
	at org.openqa.selenium.support.ui.ExpectedConditions$6.apply(ExpectedConditions.java:171)
	at org.openqa.selenium.support.ui.ExpectedConditions$6.apply(ExpectedConditions.java:168)
	at org.openqa.selenium.support.ui.FluentWait.until(FluentWait.java:203)
	... 32 more
... Removed 33 stack frames</div></td></tr></table><p class="totop"><a href="#summary">back to summary</a></p>
<h3 id="m2">com.testing.Sections_Interactions_Verifications#Programs_section</h3><table class="result"><tr><th>Exception</th></tr><tr><td><div class="stacktrace">org.openqa.selenium.TimeoutException: Expected condition failed: waiting for element to be clickable: [[ChromeDriver: chrome on windows (ab636ffd8b052b64b57a0f386bc7df7a)] -&gt; xpath: //*[@id=&apos;menu-item-264&apos;]/ul/li/a] (tried for 10 second(s) with 500 milliseconds interval)
Build info: version: &apos;4.28.0&apos;, revision: &apos;ac342546e9&apos;
System info: os.name: &apos;Windows 11&apos;, os.arch: &apos;amd64&apos;, os.version: &apos;10.0&apos;, java.version: &apos;23.0.1&apos;
Driver info: org.openqa.selenium.chrome.ChromeDriver
Capabilities {acceptInsecureCerts: false, browserName: chrome, browserVersion: 132.0.6834.84, chrome: {chromedriverVersion: 132.0.6834.110 (df453a35f09..., userDataDir: C:\Users\HP\AppData\Local\T...}, fedcm:accounts: true, goog:chromeOptions: {debuggerAddress: localhost:4976}, networkConnectionEnabled: false, pageLoadStrategy: normal, platformName: windows, proxy: Proxy(), se:cdp: ws://localhost:4976/devtool..., se:cdpVersion: 132.0.6834.84, setWindowRect: true, strictFileInteractability: false, timeouts: {implicit: 0, pageLoad: 300000, script: 30000}, unhandledPromptBehavior: dismiss and notify, webauthn:extension:credBlob: true, webauthn:extension:largeBlob: true, webauthn:extension:minPinLength: true, webauthn:extension:prf: true, webauthn:virtualAuthenticators: true}
Session ID: ab636ffd8b052b64b57a0f386bc7df7a
	at org.openqa.selenium.support.ui.WebDriverWait.timeoutException(WebDriverWait.java:84)
	at org.openqa.selenium.support.ui.FluentWait.until(FluentWait.java:228)
	at com.testing.Sections_Interactions_Verifications.Programs_section(Sections_Interactions_Verifications.java:70)
	at java.base/java.util.ArrayList.forEach(ArrayList.java:1597)
... Removed 30 stack frames</div></td></tr></table><p class="totop"><a href="#summary">back to summary</a></p>
<h3 id="m3">com.testing.Contact_Us_Page_Verifications#Contact_Us_Page</h3><table class="result"><tr><th class="invisible"/></tr></table><p class="totop"><a href="#summary">back to summary</a></p>
<h3 id="m4">com.testing.HomePage_Contents_Verifications#HomePage_Searchbox_Verification</h3><table class="result"><tr><th class="invisible"/></tr></table><p class="totop"><a href="#summary">back to summary</a></p>
<h3 id="m5">com.testing.HomePage_Contents_Verifications#HomePage_Sections_Verification</h3><table class="result"><tr><th class="invisible"/></tr></table><p class="totop"><a href="#summary">back to summary</a></p>
<h3 id="m6">com.testing.HomePage_Contents_Verifications#HomePage_Title_Verification</h3><table class="result"><tr><th class="invisible"/></tr></table><p class="totop"><a href="#summary">back to summary</a></p>
<h3 id="m7">com.testing.HomePage_Contents_Verifications#HomePage_Url_Verification</h3><table class="result"><tr><th class="invisible"/></tr></table><p class="totop"><a href="#summary">back to summary</a></p>
<h3 id="m8">com.testing.HomePage_Contents_Verifications#HomePage_Website_Logo_Verification</h3><table class="result"><tr><th class="invisible"/></tr></table><p class="totop"><a href="#summary">back to summary</a></p>
<h3 id="m9">com.testing.HomePage_Contents_Verifications#HomePage_about_company_section_Verification</h3><table class="result"><tr><th class="invisible"/></tr></table><p class="totop"><a href="#summary">back to summary</a></p>
<h3 id="m10">com.testing.HomePage_Contents_Verifications#HomePage_contact_section_Verification</h3><table class="result"><tr><th class="invisible"/></tr></table><p class="totop"><a href="#summary">back to summary</a></p>
<h3 id="m11">com.testing.HomePage_Contents_Verifications#HomePage_cookie_section_Verification</h3><table class="result"><tr><th class="invisible"/></tr></table><p class="totop"><a href="#summary">back to summary</a></p>
<h3 id="m12">com.testing.HomePage_Contents_Verifications#HomePage_footer_section_Verification</h3><table class="result"><tr><th class="invisible"/></tr></table><p class="totop"><a href="#summary">back to summary</a></p>
<h3 id="m13">com.testing.HomePage_Contents_Verifications#HomePage_icons_section_Verification</h3><table class="result"><tr><th class="invisible"/></tr></table><p class="totop"><a href="#summary">back to summary</a></p>
<h3 id="m14">com.testing.HomePage_Contents_Verifications#HomePage_info_section_Verification</h3><table class="result"><tr><th class="invisible"/></tr></table><p class="totop"><a href="#summary">back to summary</a></p>
<h3 id="m15">com.testing.HomePage_Contents_Verifications#HomePage_keypartner_section_Verification</h3><table class="result"><tr><th class="invisible"/></tr></table><p class="totop"><a href="#summary">back to summary</a></p>
<h3 id="m16">com.testing.HomePage_Contents_Verifications#HomePage_slide_image_section_Verification</h3><table class="result"><tr><th class="invisible"/></tr></table><p class="totop"><a href="#summary">back to summary</a></p>
<h3 id="m17">com.testing.Register_and_Login_Verifications#Login_acc_section</h3><table class="result"><tr><th class="invisible"/></tr></table><p class="totop"><a href="#summary">back to summary</a></p>
<h3 id="m18">com.testing.Register_and_Login_Verifications#Reset_password_section</h3><table class="result"><tr><th class="invisible"/></tr></table><p class="totop"><a href="#summary">back to summary</a></p>
<h3 id="m19">com.testing.Searchbox_Interactions_Verifications#Searchbox_Displayed</h3><table class="result"><tr><th class="invisible"/></tr></table><p class="totop"><a href="#summary">back to summary</a></p>
<h3 id="m20">com.testing.Searchbox_Interactions_Verifications#Searchbox_button_Verification</h3><table class="result"><tr><th class="invisible"/></tr></table><p class="totop"><a href="#summary">back to summary</a></p>
<h3 id="m21">com.testing.Searchbox_Interactions_Verifications#Searchbox_input_text_Verification</h3><table class="result"><tr><th class="invisible"/></tr></table><p class="totop"><a href="#summary">back to summary</a></p>
<h3 id="m22">com.testing.Sections_Interactions_Verifications#About_section</h3><table class="result"><tr><th class="invisible"/></tr></table><p class="totop"><a href="#summary">back to summary</a></p>
<h3 id="m23">com.testing.Sections_Interactions_Verifications#CPR_section</h3><table class="result"><tr><th class="invisible"/></tr></table><p class="totop"><a href="#summary">back to summary</a></p>
<h3 id="m24">com.testing.Sections_Interactions_Verifications#Contact_section</h3><table class="result"><tr><th class="invisible"/></tr></table><p class="totop"><a href="#summary">back to summary</a></p>
<h3 id="m25">com.testing.Sections_Interactions_Verifications#Myacc_section</h3><table class="result"><tr><th class="invisible"/></tr></table><p class="totop"><a href="#summary">back to summary</a></p>
<h3 id="m26">com.testing.Sections_Interactions_Verifications#News_section</h3><table class="result"><tr><th class="invisible"/></tr></table><p class="totop"><a href="#summary">back to summary</a></p>
<h3 id="m27">com.testing.Sections_Interactions_Verifications#Services_section</h3><table class="result"><tr><th class="invisible"/></tr></table><p class="totop"><a href="#summary">back to summary</a></p>
</body>
</html>
